[ 2019-04-12T18:34:39+08:00 ] 127.0.0.1 /Install/index/save
ERR: 1046:No database selected
 [ SQL语句 ] : /*
 Navicat Premium Data Transfer

 Source Server         : localhost
 Source Server Type    : MySQL
 Source Server Version : 50553
 Source Host           : localhost:3306
 Source Schema         : test

 Target Server Type    : MySQL
 Target Server Version : 50553
 File Encoding         : 65001

 Date: 12/04/2019 17:57:11
*/



DROP TABLE IF EXISTS `customers`;
CREATE TABLE `customers`  (
  `cust_id` int(11) NOT NULL AUTO_INCREMENT,
  `cust_name` char(50) CHARACTER SET latin1 COLLATE latin1_swedish_ci NOT NULL,
  `cust_address` char(50) CHARACTER SET latin1 COLLATE latin1_swedish_ci NULL DEFAULT NULL,
  `cust_city` char(50) CHARACTER SET latin1 COLLATE latin1_swedish_ci NULL DEFAULT NULL,
  `cust_state` char(5) CHARACTER SET latin1 COLLATE latin1_swedish_ci NULL DEFAULT NULL,
  `cust_zip` char(10) CHARACTER SET latin1 COLLATE latin1_swedish_ci NULL DEFAULT NULL,
  `cust_country` char(50) CHARACTER SET latin1 COLLATE latin1_swedish_ci NULL DEFAULT NULL,
  `cust_contact` char(50) CHARACTER SET latin1 COLLATE latin1_swedish_ci NULL DEFAULT NULL,
  `cust_email` char(255) CHARACTER SET latin1 COLLATE latin1_swedish_ci NULL DEFAULT NULL,
  PRIMARY KEY (`cust_id`) USING BTREE
) ENGINE = InnoDB AUTO_INCREMENT = 10006 CHARACTER SET = latin1 COLLATE = latin1_swedish_ci ROW_FORMAT = Compact;


DROP TABLE IF EXISTS `elec_common_word`;
CREATE TABLE `elec_common_word`  (
  `id` smallint(6) UNSIGNED NOT NULL AUTO_INCREMENT,
  `admin` varchar(15) CHARACTER SET utf8 COLLATE utf8_general_ci NOT NULL DEFAULT '',
  `find` varchar(255) CHARACTER SET utf8 COLLATE utf8_general_ci NOT NULL DEFAULT '',
  `replacement` varchar(255) CHARACTER SET utf8 COLLATE utf8_general_ci NOT NULL DEFAULT '',
  `extra` varchar(255) CHARACTER SET utf8 COLLATE utf8_general_ci NOT NULL DEFAULT '',
  `type` smallint(6) NOT NULL DEFAULT 1,
  PRIMARY KEY (`id`) USING BTREE
) ENGINE = MyISAM AUTO_INCREMENT = 32473 CHARACTER SET = utf8 COLLATE = utf8_general_ci ROW_FORMAT = Dynamic;


ERR: 1046:No database selected
 [ SQL语句 ] : /*
 Navicat Premium Data Transfer

 Source Server         : localhost
 Source Server Type    : MySQL
 Source Server Version : 50553
 Source Host           : localhost:3306
 Source Schema         : test

 Target Server Type    : MySQL
 Target Server Version : 50553
 File Encoding         : 65001

 Date: 12/04/2019 17:57:11
*/



DROP TABLE IF EXISTS `customers`;
CREATE TABLE `customers`  (
  `cust_id` int(11) NOT NULL AUTO_INCREMENT,
  `cust_name` char(50) CHARACTER SET latin1 COLLATE latin1_swedish_ci NOT NULL,
  `cust_address` char(50) CHARACTER SET latin1 COLLATE latin1_swedish_ci NULL DEFAULT NULL,
  `cust_city` char(50) CHARACTER SET latin1 COLLATE latin1_swedish_ci NULL DEFAULT NULL,
  `cust_state` char(5) CHARACTER SET latin1 COLLATE latin1_swedish_ci NULL DEFAULT NULL,
  `cust_zip` char(10) CHARACTER SET latin1 COLLATE latin1_swedish_ci NULL DEFAULT NULL,
  `cust_country` char(50) CHARACTER SET latin1 COLLATE latin1_swedish_ci NULL DEFAULT NULL,
  `cust_contact` char(50) CHARACTER SET latin1 COLLATE latin1_swedish_ci NULL DEFAULT NULL,
  `cust_email` char(255) CHARACTER SET latin1 COLLATE latin1_swedish_ci NULL DEFAULT NULL,
  PRIMARY KEY (`cust_id`) USING BTREE
) ENGINE = InnoDB AUTO_INCREMENT = 10006 CHARACTER SET = latin1 COLLATE = latin1_swedish_ci ROW_FORMAT = Compact;


DROP TABLE IF EXISTS `elec_common_word`;
CREATE TABLE `elec_common_word`  (
  `id` smallint(6) UNSIGNED NOT NULL AUTO_INCREMENT,
  `admin` varchar(15) CHARACTER SET utf8 COLLATE utf8_general_ci NOT NULL DEFAULT '',
  `find` varchar(255) CHARACTER SET utf8 COLLATE utf8_general_ci NOT NULL DEFAULT '',
  `replacement` varchar(255) CHARACTER SET utf8 COLLATE utf8_general_ci NOT NULL DEFAULT '',
  `extra` varchar(255) CHARACTER SET utf8 COLLATE utf8_general_ci NOT NULL DEFAULT '',
  `type` smallint(6) NOT NULL DEFAULT 1,
  PRIMARY KEY (`id`) USING BTREE
) ENGINE = MyISAM AUTO_INCREMENT = 32473 CHARACTER SET = utf8 COLLATE = utf8_general_ci ROW_FORMAT = Dynamic;



[ 2019-04-12T18:34:58+08:00 ] 127.0.0.1 /Install/index/save
ERR: 1046:No database selected
 [ SQL语句 ] : 
DROP TABLE IF EXISTS `customers`;
CREATE TABLE `customers`  (
  `cust_id` int(11) NOT NULL AUTO_INCREMENT,
  `cust_name` char(50) CHARACTER SET latin1 COLLATE latin1_swedish_ci NOT NULL,
  `cust_address` char(50) CHARACTER SET latin1 COLLATE latin1_swedish_ci NULL DEFAULT NULL,
  `cust_city` char(50) CHARACTER SET latin1 COLLATE latin1_swedish_ci NULL DEFAULT NULL,
  `cust_state` char(5) CHARACTER SET latin1 COLLATE latin1_swedish_ci NULL DEFAULT NULL,
  `cust_zip` char(10) CHARACTER SET latin1 COLLATE latin1_swedish_ci NULL DEFAULT NULL,
  `cust_country` char(50) CHARACTER SET latin1 COLLATE latin1_swedish_ci NULL DEFAULT NULL,
  `cust_contact` char(50) CHARACTER SET latin1 COLLATE latin1_swedish_ci NULL DEFAULT NULL,
  `cust_email` char(255) CHARACTER SET latin1 COLLATE latin1_swedish_ci NULL DEFAULT NULL,
  PRIMARY KEY (`cust_id`) USING BTREE
) ENGINE = InnoDB AUTO_INCREMENT = 10006 CHARACTER SET = latin1 COLLATE = latin1_swedish_ci ROW_FORMAT = Compact;


DROP TABLE IF EXISTS `elec_common_word`;
CREATE TABLE `elec_common_word`  (
  `id` smallint(6) UNSIGNED NOT NULL AUTO_INCREMENT,
  `admin` varchar(15) CHARACTER SET utf8 COLLATE utf8_general_ci NOT NULL DEFAULT '',
  `find` varchar(255) CHARACTER SET utf8 COLLATE utf8_general_ci NOT NULL DEFAULT '',
  `replacement` varchar(255) CHARACTER SET utf8 COLLATE utf8_general_ci NOT NULL DEFAULT '',
  `extra` varchar(255) CHARACTER SET utf8 COLLATE utf8_general_ci NOT NULL DEFAULT '',
  `type` smallint(6) NOT NULL DEFAULT 1,
  PRIMARY KEY (`id`) USING BTREE
) ENGINE = MyISAM AUTO_INCREMENT = 32473 CHARACTER SET = utf8 COLLATE = utf8_general_ci ROW_FORMAT = Dynamic;


ERR: 1046:No database selected
 [ SQL语句 ] : 
DROP TABLE IF EXISTS `customers`;
CREATE TABLE `customers`  (
  `cust_id` int(11) NOT NULL AUTO_INCREMENT,
  `cust_name` char(50) CHARACTER SET latin1 COLLATE latin1_swedish_ci NOT NULL,
  `cust_address` char(50) CHARACTER SET latin1 COLLATE latin1_swedish_ci NULL DEFAULT NULL,
  `cust_city` char(50) CHARACTER SET latin1 COLLATE latin1_swedish_ci NULL DEFAULT NULL,
  `cust_state` char(5) CHARACTER SET latin1 COLLATE latin1_swedish_ci NULL DEFAULT NULL,
  `cust_zip` char(10) CHARACTER SET latin1 COLLATE latin1_swedish_ci NULL DEFAULT NULL,
  `cust_country` char(50) CHARACTER SET latin1 COLLATE latin1_swedish_ci NULL DEFAULT NULL,
  `cust_contact` char(50) CHARACTER SET latin1 COLLATE latin1_swedish_ci NULL DEFAULT NULL,
  `cust_email` char(255) CHARACTER SET latin1 COLLATE latin1_swedish_ci NULL DEFAULT NULL,
  PRIMARY KEY (`cust_id`) USING BTREE
) ENGINE = InnoDB AUTO_INCREMENT = 10006 CHARACTER SET = latin1 COLLATE = latin1_swedish_ci ROW_FORMAT = Compact;


DROP TABLE IF EXISTS `elec_common_word`;
CREATE TABLE `elec_common_word`  (
  `id` smallint(6) UNSIGNED NOT NULL AUTO_INCREMENT,
  `admin` varchar(15) CHARACTER SET utf8 COLLATE utf8_general_ci NOT NULL DEFAULT '',
  `find` varchar(255) CHARACTER SET utf8 COLLATE utf8_general_ci NOT NULL DEFAULT '',
  `replacement` varchar(255) CHARACTER SET utf8 COLLATE utf8_general_ci NOT NULL DEFAULT '',
  `extra` varchar(255) CHARACTER SET utf8 COLLATE utf8_general_ci NOT NULL DEFAULT '',
  `type` smallint(6) NOT NULL DEFAULT 1,
  PRIMARY KEY (`id`) USING BTREE
) ENGINE = MyISAM AUTO_INCREMENT = 32473 CHARACTER SET = utf8 COLLATE = utf8_general_ci ROW_FORMAT = Dynamic;



[ 2019-04-12T18:35:20+08:00 ] 127.0.0.1 /Install/index/save
ERR: 1046:No database selected
 [ SQL语句 ] : 
DROP TABLE IF EXISTS `customers`;
CREATE TABLE `customers`  (
  `cust_id` int(11) NOT NULL AUTO_INCREMENT,
  `cust_name` char(50) CHARACTER SET latin1 COLLATE latin1_swedish_ci NOT NULL,
  `cust_address` char(50) CHARACTER SET latin1 COLLATE latin1_swedish_ci NULL DEFAULT NULL,
  `cust_city` char(50) CHARACTER SET latin1 COLLATE latin1_swedish_ci NULL DEFAULT NULL,
  `cust_state` char(5) CHARACTER SET latin1 COLLATE latin1_swedish_ci NULL DEFAULT NULL,
  `cust_zip` char(10) CHARACTER SET latin1 COLLATE latin1_swedish_ci NULL DEFAULT NULL,
  `cust_country` char(50) CHARACTER SET latin1 COLLATE latin1_swedish_ci NULL DEFAULT NULL,
  `cust_contact` char(50) CHARACTER SET latin1 COLLATE latin1_swedish_ci NULL DEFAULT NULL,
  `cust_email` char(255) CHARACTER SET latin1 COLLATE latin1_swedish_ci NULL DEFAULT NULL,
  PRIMARY KEY (`cust_id`) USING BTREE
) ENGINE = InnoDB AUTO_INCREMENT = 10006 CHARACTER SET = latin1 COLLATE = latin1_swedish_ci ROW_FORMAT = Compact;


DROP TABLE IF EXISTS `elec_common_word`;
CREATE TABLE `elec_common_word`  (
  `id` smallint(6) UNSIGNED NOT NULL AUTO_INCREMENT,
  `admin` varchar(15) CHARACTER SET utf8 COLLATE utf8_general_ci NOT NULL DEFAULT '',
  `find` varchar(255) CHARACTER SET utf8 COLLATE utf8_general_ci NOT NULL DEFAULT '',
  `replacement` varchar(255) CHARACTER SET utf8 COLLATE utf8_general_ci NOT NULL DEFAULT '',
  `extra` varchar(255) CHARACTER SET utf8 COLLATE utf8_general_ci NOT NULL DEFAULT '',
  `type` smallint(6) NOT NULL DEFAULT 1,
  PRIMARY KEY (`id`) USING BTREE
) ENGINE = MyISAM AUTO_INCREMENT = 32473 CHARACTER SET = utf8 COLLATE = utf8_general_ci ROW_FORMAT = Dynamic;


ERR: 1046:No database selected
 [ SQL语句 ] : 
DROP TABLE IF EXISTS `customers`;
CREATE TABLE `customers`  (
  `cust_id` int(11) NOT NULL AUTO_INCREMENT,
  `cust_name` char(50) CHARACTER SET latin1 COLLATE latin1_swedish_ci NOT NULL,
  `cust_address` char(50) CHARACTER SET latin1 COLLATE latin1_swedish_ci NULL DEFAULT NULL,
  `cust_city` char(50) CHARACTER SET latin1 COLLATE latin1_swedish_ci NULL DEFAULT NULL,
  `cust_state` char(5) CHARACTER SET latin1 COLLATE latin1_swedish_ci NULL DEFAULT NULL,
  `cust_zip` char(10) CHARACTER SET latin1 COLLATE latin1_swedish_ci NULL DEFAULT NULL,
  `cust_country` char(50) CHARACTER SET latin1 COLLATE latin1_swedish_ci NULL DEFAULT NULL,
  `cust_contact` char(50) CHARACTER SET latin1 COLLATE latin1_swedish_ci NULL DEFAULT NULL,
  `cust_email` char(255) CHARACTER SET latin1 COLLATE latin1_swedish_ci NULL DEFAULT NULL,
  PRIMARY KEY (`cust_id`) USING BTREE
) ENGINE = InnoDB AUTO_INCREMENT = 10006 CHARACTER SET = latin1 COLLATE = latin1_swedish_ci ROW_FORMAT = Compact;


DROP TABLE IF EXISTS `elec_common_word`;
CREATE TABLE `elec_common_word`  (
  `id` smallint(6) UNSIGNED NOT NULL AUTO_INCREMENT,
  `admin` varchar(15) CHARACTER SET utf8 COLLATE utf8_general_ci NOT NULL DEFAULT '',
  `find` varchar(255) CHARACTER SET utf8 COLLATE utf8_general_ci NOT NULL DEFAULT '',
  `replacement` varchar(255) CHARACTER SET utf8 COLLATE utf8_general_ci NOT NULL DEFAULT '',
  `extra` varchar(255) CHARACTER SET utf8 COLLATE utf8_general_ci NOT NULL DEFAULT '',
  `type` smallint(6) NOT NULL DEFAULT 1,
  PRIMARY KEY (`id`) USING BTREE
) ENGINE = MyISAM AUTO_INCREMENT = 32473 CHARACTER SET = utf8 COLLATE = utf8_general_ci ROW_FORMAT = Dynamic;



