[ 2019-04-13T18:19:43+08:00 ] 127.0.0.1 /Install/index/save
INFO: [ app_init ] --START--
INFO: Run Behavior\BuildLiteBehavior [ RunTime:0.000011s ]
INFO: [ app_init ] --END-- [ RunTime:0.000454s ]
INFO: [ app_begin ] --START--
INFO: Run Behavior\ReadHtmlCacheBehavior [ RunTime:0.000497s ]
INFO: [ app_begin ] --END-- [ RunTime:0.000535s ]

[ 2019-04-13T18:20:15+08:00 ] 127.0.0.1 /Install/index/save
INFO: [ app_init ] --START--
INFO: Run Behavior\BuildLiteBehavior [ RunTime:0.000023s ]
INFO: [ app_init ] --END-- [ RunTime:0.000457s ]
INFO: [ app_begin ] --START--
INFO: Run Behavior\ReadHtmlCacheBehavior [ RunTime:0.000573s ]
INFO: [ app_begin ] --END-- [ RunTime:0.000636s ]

[ 2019-04-13T18:21:33+08:00 ] 127.0.0.1 /Install/index/save
INFO: [ app_init ] --START--
INFO: Run Behavior\BuildLiteBehavior [ RunTime:0.000020s ]
INFO: [ app_init ] --END-- [ RunTime:0.000539s ]
INFO: [ app_begin ] --START--
INFO: Run Behavior\ReadHtmlCacheBehavior [ RunTime:0.000702s ]
INFO: [ app_begin ] --END-- [ RunTime:0.000769s ]

[ 2019-04-13T18:22:30+08:00 ] 127.0.0.1 /Install/index/save
INFO: [ app_init ] --START--
INFO: Run Behavior\BuildLiteBehavior [ RunTime:0.000019s ]
INFO: [ app_init ] --END-- [ RunTime:0.000721s ]
INFO: [ app_begin ] --START--
INFO: Run Behavior\ReadHtmlCacheBehavior [ RunTime:0.000431s ]
INFO: [ app_begin ] --END-- [ RunTime:0.000471s ]

[ 2019-04-13T18:22:48+08:00 ] 127.0.0.1 /Install/index/save
INFO: [ app_init ] --START--
INFO: Run Behavior\BuildLiteBehavior [ RunTime:0.000013s ]
INFO: [ app_init ] --END-- [ RunTime:0.000397s ]
INFO: [ app_begin ] --START--
INFO: Run Behavior\ReadHtmlCacheBehavior [ RunTime:0.000428s ]
INFO: [ app_begin ] --END-- [ RunTime:0.000473s ]

[ 2019-04-13T18:23:16+08:00 ] 127.0.0.1 /Install/index/save
INFO: [ app_init ] --START--
INFO: Run Behavior\BuildLiteBehavior [ RunTime:0.000011s ]
INFO: [ app_init ] --END-- [ RunTime:0.000290s ]
INFO: [ app_begin ] --START--
INFO: Run Behavior\ReadHtmlCacheBehavior [ RunTime:0.000500s ]
INFO: [ app_begin ] --END-- [ RunTime:0.000564s ]

[ 2019-04-13T18:24:14+08:00 ] 127.0.0.1 /Install/index/save
INFO: [ app_init ] --START--
INFO: Run Behavior\BuildLiteBehavior [ RunTime:0.000011s ]
INFO: [ app_init ] --END-- [ RunTime:0.000318s ]
INFO: [ app_begin ] --START--
INFO: Run Behavior\ReadHtmlCacheBehavior [ RunTime:0.000495s ]
INFO: [ app_begin ] --END-- [ RunTime:0.000550s ]

[ 2019-04-13T18:24:29+08:00 ] 127.0.0.1 /Install/index/save
INFO: [ app_init ] --START--
INFO: Run Behavior\BuildLiteBehavior [ RunTime:0.000014s ]
INFO: [ app_init ] --END-- [ RunTime:0.000393s ]
INFO: [ app_begin ] --START--
INFO: Run Behavior\ReadHtmlCacheBehavior [ RunTime:0.000711s ]
INFO: [ app_begin ] --END-- [ RunTime:0.000834s ]

[ 2019-04-13T18:24:39+08:00 ] 127.0.0.1 /Install/index/save
INFO: [ app_init ] --START--
INFO: Run Behavior\BuildLiteBehavior [ RunTime:0.000013s ]
INFO: [ app_init ] --END-- [ RunTime:0.000502s ]
INFO: [ app_begin ] --START--
INFO: Run Behavior\ReadHtmlCacheBehavior [ RunTime:0.000511s ]
INFO: [ app_begin ] --END-- [ RunTime:0.000557s ]

[ 2019-04-13T18:24:50+08:00 ] 127.0.0.1 /Install/index/save
INFO: [ app_init ] --START--
INFO: Run Behavior\BuildLiteBehavior [ RunTime:0.000014s ]
INFO: [ app_init ] --END-- [ RunTime:0.000419s ]
INFO: [ app_begin ] --START--
INFO: Run Behavior\ReadHtmlCacheBehavior [ RunTime:0.000472s ]
INFO: [ app_begin ] --END-- [ RunTime:0.000519s ]

[ 2019-04-13T18:25:28+08:00 ] 127.0.0.1 /Install/index/save
INFO: [ app_init ] --START--
INFO: Run Behavior\BuildLiteBehavior [ RunTime:0.000010s ]
INFO: [ app_init ] --END-- [ RunTime:0.000256s ]
INFO: [ app_begin ] --START--
INFO: Run Behavior\ReadHtmlCacheBehavior [ RunTime:0.000357s ]
INFO: [ app_begin ] --END-- [ RunTime:0.000387s ]

[ 2019-04-13T18:25:46+08:00 ] 127.0.0.1 /Install/index/save
INFO: [ app_init ] --START--
INFO: Run Behavior\BuildLiteBehavior [ RunTime:0.000018s ]
INFO: [ app_init ] --END-- [ RunTime:0.000480s ]
INFO: [ app_begin ] --START--
INFO: Run Behavior\ReadHtmlCacheBehavior [ RunTime:0.000502s ]
INFO: [ app_begin ] --END-- [ RunTime:0.000555s ]

[ 2019-04-13T18:25:52+08:00 ] 127.0.0.1 /Install/index/save
INFO: [ app_init ] --START--
INFO: Run Behavior\BuildLiteBehavior [ RunTime:0.000011s ]
INFO: [ app_init ] --END-- [ RunTime:0.000423s ]
INFO: [ app_begin ] --START--
INFO: Run Behavior\ReadHtmlCacheBehavior [ RunTime:0.000444s ]
INFO: [ app_begin ] --END-- [ RunTime:0.000490s ]

[ 2019-04-13T18:27:39+08:00 ] 127.0.0.1 /Install/index/save
INFO: [ app_init ] --START--
INFO: Run Behavior\BuildLiteBehavior [ RunTime:0.000017s ]
INFO: [ app_init ] --END-- [ RunTime:0.000560s ]
INFO: [ app_begin ] --START--
INFO: Run Behavior\ReadHtmlCacheBehavior [ RunTime:0.001186s ]
INFO: [ app_begin ] --END-- [ RunTime:0.001271s ]

[ 2019-04-13T18:34:55+08:00 ] 127.0.0.1 /Install/index/save
INFO: [ app_init ] --START--
INFO: Run Behavior\BuildLiteBehavior [ RunTime:0.000038s ]
INFO: [ app_init ] --END-- [ RunTime:0.000459s ]
INFO: [ app_begin ] --START--
INFO: Run Behavior\ReadHtmlCacheBehavior [ RunTime:0.000439s ]
INFO: [ app_begin ] --END-- [ RunTime:0.000477s ]

[ 2019-04-13T18:35:59+08:00 ] 127.0.0.1 /Install/index/save
INFO: [ app_init ] --START--
INFO: Run Behavior\BuildLiteBehavior [ RunTime:0.000016s ]
INFO: [ app_init ] --END-- [ RunTime:0.000331s ]
INFO: [ app_begin ] --START--
INFO: Run Behavior\ReadHtmlCacheBehavior [ RunTime:0.000592s ]
INFO: [ app_begin ] --END-- [ RunTime:0.000662s ]

[ 2019-04-13T18:36:33+08:00 ] 127.0.0.1 /Install/index/save
INFO: [ app_init ] --START--
INFO: Run Behavior\BuildLiteBehavior [ RunTime:0.000017s ]
INFO: [ app_init ] --END-- [ RunTime:0.000561s ]
INFO: [ app_begin ] --START--
INFO: Run Behavior\ReadHtmlCacheBehavior [ RunTime:0.000802s ]
INFO: [ app_begin ] --END-- [ RunTime:0.000888s ]

[ 2019-04-13T18:37:11+08:00 ] 127.0.0.1 /Install/index/save
INFO: [ app_init ] --START--
INFO: Run Behavior\BuildLiteBehavior [ RunTime:0.000025s ]
INFO: [ app_init ] --END-- [ RunTime:0.000613s ]
INFO: [ app_begin ] --START--
INFO: Run Behavior\ReadHtmlCacheBehavior [ RunTime:0.000739s ]
INFO: [ app_begin ] --END-- [ RunTime:0.000808s ]

[ 2019-04-13T18:37:24+08:00 ] 127.0.0.1 /Install/index/save
INFO: [ app_init ] --START--
INFO: Run Behavior\BuildLiteBehavior [ RunTime:0.000019s ]
INFO: [ app_init ] --END-- [ RunTime:0.000501s ]
INFO: [ app_begin ] --START--
INFO: Run Behavior\ReadHtmlCacheBehavior [ RunTime:0.000944s ]
INFO: [ app_begin ] --END-- [ RunTime:0.000999s ]

[ 2019-04-13T18:38:20+08:00 ] 127.0.0.1 /Install/index/save
INFO: [ app_init ] --START--
INFO: Run Behavior\BuildLiteBehavior [ RunTime:0.000010s ]
INFO: [ app_init ] --END-- [ RunTime:0.000300s ]
INFO: [ app_begin ] --START--
INFO: Run Behavior\ReadHtmlCacheBehavior [ RunTime:0.000342s ]
INFO: [ app_begin ] --END-- [ RunTime:0.000374s ]

[ 2019-04-13T18:38:33+08:00 ] 127.0.0.1 /Install/index/save
INFO: [ app_init ] --START--
INFO: Run Behavior\BuildLiteBehavior [ RunTime:0.000014s ]
INFO: [ app_init ] --END-- [ RunTime:0.000427s ]
INFO: [ app_begin ] --START--
INFO: Run Behavior\ReadHtmlCacheBehavior [ RunTime:0.000601s ]
INFO: [ app_begin ] --END-- [ RunTime:0.000652s ]

[ 2019-04-13T18:41:17+08:00 ] 127.0.0.1 /Install/index/save
INFO: [ app_init ] --START--
INFO: Run Behavior\BuildLiteBehavior [ RunTime:0.000036s ]
INFO: [ app_init ] --END-- [ RunTime:0.000937s ]
INFO: [ app_begin ] --START--
INFO: Run Behavior\ReadHtmlCacheBehavior [ RunTime:0.000861s ]
INFO: [ app_begin ] --END-- [ RunTime:0.000918s ]
NOTIC: [2] unlink(./Application/Runtime/common~runtime.php): No such file or directory D:\wwwroot\huocms\Application\Install\Logic\InstallLogic.class.php 第 70 行.

[ 2019-04-13T18:41:42+08:00 ] 127.0.0.1 /Install/index/index
INFO: [ app_init ] --START--
INFO: Run Behavior\BuildLiteBehavior [ RunTime:0.000015s ]
INFO: [ app_init ] --END-- [ RunTime:0.000357s ]
INFO: [ app_begin ] --START--
INFO: Run Behavior\ReadHtmlCacheBehavior [ RunTime:0.000613s ]
INFO: [ app_begin ] --END-- [ RunTime:0.000649s ]
NOTIC: [8] Undefined index: step D:\wwwroot\huocms\Application\Install\Controller\IndexController.class.php 第 20 行.
INFO: [ view_parse ] --START--
INFO: [ template_filter ] --START--
INFO: Run Behavior\ContentReplaceBehavior [ RunTime:0.005224s ]
INFO: [ template_filter ] --END-- [ RunTime:0.005313s ]
NOTIC: [8] Use of undefined constant read - assumed 'read' D:\wwwroot\huocms\Application\Runtime\Cache\Install\c6bbce5b1f1dcf027c8ceb5cf5141b65.php 第 102 行.
NOTIC: [8] Array to string conversion D:\wwwroot\huocms\Application\Runtime\Cache\Install\c6bbce5b1f1dcf027c8ceb5cf5141b65.php 第 102 行.
NOTIC: [8] Use of undefined constant write - assumed 'write' D:\wwwroot\huocms\Application\Runtime\Cache\Install\c6bbce5b1f1dcf027c8ceb5cf5141b65.php 第 107 行.
NOTIC: [8] Array to string conversion D:\wwwroot\huocms\Application\Runtime\Cache\Install\c6bbce5b1f1dcf027c8ceb5cf5141b65.php 第 107 行.
INFO: Run Behavior\ParseTemplateBehavior [ RunTime:0.082313s ]
INFO: [ view_parse ] --END-- [ RunTime:0.082340s ]
INFO: [ view_filter ] --START--
INFO: Run Behavior\WriteHtmlCacheBehavior [ RunTime:0.000445s ]
INFO: [ view_filter ] --END-- [ RunTime:0.000471s ]
INFO: [ app_end ] --START--
INFO: Run Behavior\ShowPageTraceBehavior [ RunTime:0.000601s ]
INFO: [ app_end ] --END-- [ RunTime:0.000626s ]

[ 2019-04-13T18:41:48+08:00 ] 127.0.0.1 /Install/index/save
INFO: [ app_init ] --START--
INFO: Run Behavior\BuildLiteBehavior [ RunTime:0.000010s ]
INFO: [ app_init ] --END-- [ RunTime:0.000469s ]
INFO: [ app_begin ] --START--
INFO: Run Behavior\ReadHtmlCacheBehavior [ RunTime:0.000849s ]
INFO: [ app_begin ] --END-- [ RunTime:0.000926s ]
NOTIC: [2] unlink(./Application/Runtime/common~runtime.php): No such file or directory D:\wwwroot\huocms\Application\Install\Logic\InstallLogic.class.php 第 70 行.

[ 2019-04-13T18:43:47+08:00 ] 127.0.0.1 /Install/index/index
INFO: [ app_init ] --START--
INFO: Run Behavior\BuildLiteBehavior [ RunTime:0.000006s ]
INFO: [ app_init ] --END-- [ RunTime:0.000329s ]
INFO: [ app_begin ] --START--
INFO: Run Behavior\ReadHtmlCacheBehavior [ RunTime:0.000375s ]
INFO: [ app_begin ] --END-- [ RunTime:0.000398s ]
INFO: [ view_parse ] --START--
INFO: [ template_filter ] --START--
INFO: Run Behavior\ContentReplaceBehavior [ RunTime:0.000080s ]
INFO: [ template_filter ] --END-- [ RunTime:0.000121s ]
NOTIC: [8] Use of undefined constant read - assumed 'read' D:\wwwroot\huocms\Application\Runtime\Cache\Install\c6bbce5b1f1dcf027c8ceb5cf5141b65.php 第 102 行.
NOTIC: [8] Array to string conversion D:\wwwroot\huocms\Application\Runtime\Cache\Install\c6bbce5b1f1dcf027c8ceb5cf5141b65.php 第 102 行.
NOTIC: [8] Use of undefined constant write - assumed 'write' D:\wwwroot\huocms\Application\Runtime\Cache\Install\c6bbce5b1f1dcf027c8ceb5cf5141b65.php 第 107 行.
NOTIC: [8] Array to string conversion D:\wwwroot\huocms\Application\Runtime\Cache\Install\c6bbce5b1f1dcf027c8ceb5cf5141b65.php 第 107 行.
INFO: Run Behavior\ParseTemplateBehavior [ RunTime:0.019472s ]
INFO: [ view_parse ] --END-- [ RunTime:0.019499s ]
INFO: [ view_filter ] --START--
INFO: Run Behavior\WriteHtmlCacheBehavior [ RunTime:0.000305s ]
INFO: [ view_filter ] --END-- [ RunTime:0.000323s ]
INFO: [ app_end ] --START--
INFO: Run Behavior\ShowPageTraceBehavior [ RunTime:0.000566s ]
INFO: [ app_end ] --END-- [ RunTime:0.000596s ]

[ 2019-04-13T18:47:12+08:00 ] 127.0.0.1 /Install/index/index
INFO: [ app_init ] --START--
INFO: Run Behavior\BuildLiteBehavior [ RunTime:0.000012s ]
INFO: [ app_init ] --END-- [ RunTime:0.001210s ]
INFO: [ app_begin ] --START--
INFO: Run Behavior\ReadHtmlCacheBehavior [ RunTime:0.000459s ]
INFO: [ app_begin ] --END-- [ RunTime:0.000487s ]
INFO: [ view_parse ] --START--
INFO: [ template_filter ] --START--
INFO: Run Behavior\ContentReplaceBehavior [ RunTime:0.000065s ]
INFO: [ template_filter ] --END-- [ RunTime:0.000091s ]
NOTIC: [8] Use of undefined constant read - assumed 'read' D:\wwwroot\huocms\Application\Runtime\Cache\Install\c6bbce5b1f1dcf027c8ceb5cf5141b65.php 第 102 行.
NOTIC: [8] Array to string conversion D:\wwwroot\huocms\Application\Runtime\Cache\Install\c6bbce5b1f1dcf027c8ceb5cf5141b65.php 第 102 行.
NOTIC: [8] Use of undefined constant write - assumed 'write' D:\wwwroot\huocms\Application\Runtime\Cache\Install\c6bbce5b1f1dcf027c8ceb5cf5141b65.php 第 107 行.
NOTIC: [8] Array to string conversion D:\wwwroot\huocms\Application\Runtime\Cache\Install\c6bbce5b1f1dcf027c8ceb5cf5141b65.php 第 107 行.
NOTIC: [8] Undefined index: REMOTE_HOST D:\wwwroot\huocms\Application\Runtime\Cache\Install\c6bbce5b1f1dcf027c8ceb5cf5141b65.php 第 225 行.
NOTIC: [8] Undefined index: REMOTE_HOST D:\wwwroot\huocms\Application\Runtime\Cache\Install\c6bbce5b1f1dcf027c8ceb5cf5141b65.php 第 225 行.
NOTIC: [8] Undefined index: REMOTE_HOST D:\wwwroot\huocms\Application\Runtime\Cache\Install\c6bbce5b1f1dcf027c8ceb5cf5141b65.php 第 226 行.
INFO: Run Behavior\ParseTemplateBehavior [ RunTime:0.022065s ]
INFO: [ view_parse ] --END-- [ RunTime:0.022105s ]
INFO: [ view_filter ] --START--
INFO: Run Behavior\WriteHtmlCacheBehavior [ RunTime:0.000343s ]
INFO: [ view_filter ] --END-- [ RunTime:0.000365s ]
INFO: [ app_end ] --START--
INFO: Run Behavior\ShowPageTraceBehavior [ RunTime:0.000656s ]
INFO: [ app_end ] --END-- [ RunTime:0.000692s ]

[ 2019-04-13T18:47:36+08:00 ] 127.0.0.1 /Install/index/index
INFO: [ app_init ] --START--
INFO: Run Behavior\BuildLiteBehavior [ RunTime:0.000006s ]
INFO: [ app_init ] --END-- [ RunTime:0.000232s ]
INFO: [ app_begin ] --START--
INFO: Run Behavior\ReadHtmlCacheBehavior [ RunTime:0.002190s ]
INFO: [ app_begin ] --END-- [ RunTime:0.002215s ]
INFO: [ view_parse ] --START--
INFO: [ template_filter ] --START--
INFO: Run Behavior\ContentReplaceBehavior [ RunTime:0.000074s ]
INFO: [ template_filter ] --END-- [ RunTime:0.000103s ]
NOTIC: [8] Use of undefined constant read - assumed 'read' D:\wwwroot\huocms\Application\Runtime\Cache\Install\c6bbce5b1f1dcf027c8ceb5cf5141b65.php 第 102 行.
NOTIC: [8] Array to string conversion D:\wwwroot\huocms\Application\Runtime\Cache\Install\c6bbce5b1f1dcf027c8ceb5cf5141b65.php 第 102 行.
NOTIC: [8] Use of undefined constant write - assumed 'write' D:\wwwroot\huocms\Application\Runtime\Cache\Install\c6bbce5b1f1dcf027c8ceb5cf5141b65.php 第 107 行.
NOTIC: [8] Array to string conversion D:\wwwroot\huocms\Application\Runtime\Cache\Install\c6bbce5b1f1dcf027c8ceb5cf5141b65.php 第 107 行.
NOTIC: [8] Undefined index: REMOTE_HOST D:\wwwroot\huocms\Application\Runtime\Cache\Install\c6bbce5b1f1dcf027c8ceb5cf5141b65.php 第 225 行.
NOTIC: [8] Undefined index: REMOTE_HOST D:\wwwroot\huocms\Application\Runtime\Cache\Install\c6bbce5b1f1dcf027c8ceb5cf5141b65.php 第 225 行.
NOTIC: [8] Undefined index: REMOTE_HOST D:\wwwroot\huocms\Application\Runtime\Cache\Install\c6bbce5b1f1dcf027c8ceb5cf5141b65.php 第 226 行.
INFO: Run Behavior\ParseTemplateBehavior [ RunTime:0.019500s ]
INFO: [ view_parse ] --END-- [ RunTime:0.019545s ]
INFO: [ view_filter ] --START--
INFO: Run Behavior\WriteHtmlCacheBehavior [ RunTime:0.000405s ]
INFO: [ view_filter ] --END-- [ RunTime:0.000453s ]
INFO: [ app_end ] --START--
INFO: Run Behavior\ShowPageTraceBehavior [ RunTime:0.000569s ]
INFO: [ app_end ] --END-- [ RunTime:0.000612s ]

[ 2019-04-13T18:47:38+08:00 ] 127.0.0.1 /Install/index/index
INFO: [ app_init ] --START--
INFO: Run Behavior\BuildLiteBehavior [ RunTime:0.000010s ]
INFO: [ app_init ] --END-- [ RunTime:0.000345s ]
INFO: [ app_begin ] --START--
INFO: Run Behavior\ReadHtmlCacheBehavior [ RunTime:0.000949s ]
INFO: [ app_begin ] --END-- [ RunTime:0.001011s ]
INFO: [ view_parse ] --START--
INFO: [ template_filter ] --START--
INFO: Run Behavior\ContentReplaceBehavior [ RunTime:0.000067s ]
INFO: [ template_filter ] --END-- [ RunTime:0.000094s ]
NOTIC: [8] Use of undefined constant read - assumed 'read' D:\wwwroot\huocms\Application\Runtime\Cache\Install\c6bbce5b1f1dcf027c8ceb5cf5141b65.php 第 102 行.
NOTIC: [8] Array to string conversion D:\wwwroot\huocms\Application\Runtime\Cache\Install\c6bbce5b1f1dcf027c8ceb5cf5141b65.php 第 102 行.
NOTIC: [8] Use of undefined constant write - assumed 'write' D:\wwwroot\huocms\Application\Runtime\Cache\Install\c6bbce5b1f1dcf027c8ceb5cf5141b65.php 第 107 行.
NOTIC: [8] Array to string conversion D:\wwwroot\huocms\Application\Runtime\Cache\Install\c6bbce5b1f1dcf027c8ceb5cf5141b65.php 第 107 行.
NOTIC: [8] Undefined index: REMOTE_HOST D:\wwwroot\huocms\Application\Runtime\Cache\Install\c6bbce5b1f1dcf027c8ceb5cf5141b65.php 第 225 行.
NOTIC: [8] Undefined index: REMOTE_HOST D:\wwwroot\huocms\Application\Runtime\Cache\Install\c6bbce5b1f1dcf027c8ceb5cf5141b65.php 第 225 行.
NOTIC: [8] Undefined index: REMOTE_HOST D:\wwwroot\huocms\Application\Runtime\Cache\Install\c6bbce5b1f1dcf027c8ceb5cf5141b65.php 第 226 行.
INFO: Run Behavior\ParseTemplateBehavior [ RunTime:0.017676s ]
INFO: [ view_parse ] --END-- [ RunTime:0.017714s ]
INFO: [ view_filter ] --START--
INFO: Run Behavior\WriteHtmlCacheBehavior [ RunTime:0.000338s ]
INFO: [ view_filter ] --END-- [ RunTime:0.000378s ]
INFO: [ app_end ] --START--
INFO: Run Behavior\ShowPageTraceBehavior [ RunTime:0.001499s ]
INFO: [ app_end ] --END-- [ RunTime:0.001558s ]

[ 2019-04-13T18:47:39+08:00 ] 127.0.0.1 /Install/index/index
INFO: [ app_init ] --START--
INFO: Run Behavior\BuildLiteBehavior [ RunTime:0.000011s ]
INFO: [ app_init ] --END-- [ RunTime:0.000543s ]
INFO: [ app_begin ] --START--
INFO: Run Behavior\ReadHtmlCacheBehavior [ RunTime:0.000479s ]
INFO: [ app_begin ] --END-- [ RunTime:0.000507s ]
INFO: [ view_parse ] --START--
INFO: [ template_filter ] --START--
INFO: Run Behavior\ContentReplaceBehavior [ RunTime:0.000088s ]
INFO: [ template_filter ] --END-- [ RunTime:0.000136s ]
NOTIC: [8] Use of undefined constant read - assumed 'read' D:\wwwroot\huocms\Application\Runtime\Cache\Install\c6bbce5b1f1dcf027c8ceb5cf5141b65.php 第 102 行.
NOTIC: [8] Array to string conversion D:\wwwroot\huocms\Application\Runtime\Cache\Install\c6bbce5b1f1dcf027c8ceb5cf5141b65.php 第 102 行.
NOTIC: [8] Use of undefined constant write - assumed 'write' D:\wwwroot\huocms\Application\Runtime\Cache\Install\c6bbce5b1f1dcf027c8ceb5cf5141b65.php 第 107 行.
NOTIC: [8] Array to string conversion D:\wwwroot\huocms\Application\Runtime\Cache\Install\c6bbce5b1f1dcf027c8ceb5cf5141b65.php 第 107 行.
NOTIC: [8] Undefined index: REMOTE_HOST D:\wwwroot\huocms\Application\Runtime\Cache\Install\c6bbce5b1f1dcf027c8ceb5cf5141b65.php 第 225 行.
NOTIC: [8] Undefined index: REMOTE_HOST D:\wwwroot\huocms\Application\Runtime\Cache\Install\c6bbce5b1f1dcf027c8ceb5cf5141b65.php 第 225 行.
NOTIC: [8] Undefined index: REMOTE_HOST D:\wwwroot\huocms\Application\Runtime\Cache\Install\c6bbce5b1f1dcf027c8ceb5cf5141b65.php 第 226 行.
INFO: Run Behavior\ParseTemplateBehavior [ RunTime:0.019900s ]
INFO: [ view_parse ] --END-- [ RunTime:0.019927s ]
INFO: [ view_filter ] --START--
INFO: Run Behavior\WriteHtmlCacheBehavior [ RunTime:0.000251s ]
INFO: [ view_filter ] --END-- [ RunTime:0.000269s ]
INFO: [ app_end ] --START--
INFO: Run Behavior\ShowPageTraceBehavior [ RunTime:0.000603s ]
INFO: [ app_end ] --END-- [ RunTime:0.000640s ]

[ 2019-04-13T18:47:39+08:00 ] 127.0.0.1 /Install/index/index
INFO: [ app_init ] --START--
INFO: Run Behavior\BuildLiteBehavior [ RunTime:0.000009s ]
INFO: [ app_init ] --END-- [ RunTime:0.000329s ]
INFO: [ app_begin ] --START--
INFO: Run Behavior\ReadHtmlCacheBehavior [ RunTime:0.000562s ]
INFO: [ app_begin ] --END-- [ RunTime:0.000596s ]
INFO: [ view_parse ] --START--
INFO: [ template_filter ] --START--
INFO: Run Behavior\ContentReplaceBehavior [ RunTime:0.000110s ]
INFO: [ template_filter ] --END-- [ RunTime:0.000173s ]
NOTIC: [8] Use of undefined constant read - assumed 'read' D:\wwwroot\huocms\Application\Runtime\Cache\Install\c6bbce5b1f1dcf027c8ceb5cf5141b65.php 第 102 行.
NOTIC: [8] Array to string conversion D:\wwwroot\huocms\Application\Runtime\Cache\Install\c6bbce5b1f1dcf027c8ceb5cf5141b65.php 第 102 行.
NOTIC: [8] Use of undefined constant write - assumed 'write' D:\wwwroot\huocms\Application\Runtime\Cache\Install\c6bbce5b1f1dcf027c8ceb5cf5141b65.php 第 107 行.
NOTIC: [8] Array to string conversion D:\wwwroot\huocms\Application\Runtime\Cache\Install\c6bbce5b1f1dcf027c8ceb5cf5141b65.php 第 107 行.
NOTIC: [8] Undefined index: REMOTE_HOST D:\wwwroot\huocms\Application\Runtime\Cache\Install\c6bbce5b1f1dcf027c8ceb5cf5141b65.php 第 225 行.
NOTIC: [8] Undefined index: REMOTE_HOST D:\wwwroot\huocms\Application\Runtime\Cache\Install\c6bbce5b1f1dcf027c8ceb5cf5141b65.php 第 225 行.
NOTIC: [8] Undefined index: REMOTE_HOST D:\wwwroot\huocms\Application\Runtime\Cache\Install\c6bbce5b1f1dcf027c8ceb5cf5141b65.php 第 226 行.
INFO: Run Behavior\ParseTemplateBehavior [ RunTime:0.021039s ]
INFO: [ view_parse ] --END-- [ RunTime:0.021076s ]
INFO: [ view_filter ] --START--
INFO: Run Behavior\WriteHtmlCacheBehavior [ RunTime:0.000327s ]
INFO: [ view_filter ] --END-- [ RunTime:0.000350s ]
INFO: [ app_end ] --START--
INFO: Run Behavior\ShowPageTraceBehavior [ RunTime:0.000734s ]
INFO: [ app_end ] --END-- [ RunTime:0.000784s ]

[ 2019-04-13T18:47:39+08:00 ] 127.0.0.1 /Install/index/index
INFO: [ app_init ] --START--
INFO: Run Behavior\BuildLiteBehavior [ RunTime:0.000009s ]
INFO: [ app_init ] --END-- [ RunTime:0.000332s ]
INFO: [ app_begin ] --START--
INFO: Run Behavior\ReadHtmlCacheBehavior [ RunTime:0.000558s ]
INFO: [ app_begin ] --END-- [ RunTime:0.000590s ]
INFO: [ view_parse ] --START--
INFO: [ template_filter ] --START--
INFO: Run Behavior\ContentReplaceBehavior [ RunTime:0.000076s ]
INFO: [ template_filter ] --END-- [ RunTime:0.000107s ]
NOTIC: [8] Use of undefined constant read - assumed 'read' D:\wwwroot\huocms\Application\Runtime\Cache\Install\c6bbce5b1f1dcf027c8ceb5cf5141b65.php 第 102 行.
NOTIC: [8] Array to string conversion D:\wwwroot\huocms\Application\Runtime\Cache\Install\c6bbce5b1f1dcf027c8ceb5cf5141b65.php 第 102 行.
NOTIC: [8] Use of undefined constant write - assumed 'write' D:\wwwroot\huocms\Application\Runtime\Cache\Install\c6bbce5b1f1dcf027c8ceb5cf5141b65.php 第 107 行.
NOTIC: [8] Array to string conversion D:\wwwroot\huocms\Application\Runtime\Cache\Install\c6bbce5b1f1dcf027c8ceb5cf5141b65.php 第 107 行.
NOTIC: [8] Undefined index: REMOTE_HOST D:\wwwroot\huocms\Application\Runtime\Cache\Install\c6bbce5b1f1dcf027c8ceb5cf5141b65.php 第 225 行.
NOTIC: [8] Undefined index: REMOTE_HOST D:\wwwroot\huocms\Application\Runtime\Cache\Install\c6bbce5b1f1dcf027c8ceb5cf5141b65.php 第 225 行.
NOTIC: [8] Undefined index: REMOTE_HOST D:\wwwroot\huocms\Application\Runtime\Cache\Install\c6bbce5b1f1dcf027c8ceb5cf5141b65.php 第 226 行.
INFO: Run Behavior\ParseTemplateBehavior [ RunTime:0.018275s ]
INFO: [ view_parse ] --END-- [ RunTime:0.018319s ]
INFO: [ view_filter ] --START--
INFO: Run Behavior\WriteHtmlCacheBehavior [ RunTime:0.000245s ]
INFO: [ view_filter ] --END-- [ RunTime:0.000264s ]
INFO: [ app_end ] --START--
INFO: Run Behavior\ShowPageTraceBehavior [ RunTime:0.000487s ]
INFO: [ app_end ] --END-- [ RunTime:0.000513s ]

[ 2019-04-13T18:47:39+08:00 ] 127.0.0.1 /Install/index/index
INFO: [ app_init ] --START--
INFO: Run Behavior\BuildLiteBehavior [ RunTime:0.000012s ]
INFO: [ app_init ] --END-- [ RunTime:0.000434s ]
INFO: [ app_begin ] --START--
INFO: Run Behavior\ReadHtmlCacheBehavior [ RunTime:0.001114s ]
INFO: [ app_begin ] --END-- [ RunTime:0.001156s ]
INFO: [ view_parse ] --START--
INFO: [ template_filter ] --START--
INFO: Run Behavior\ContentReplaceBehavior [ RunTime:0.000083s ]
INFO: [ template_filter ] --END-- [ RunTime:0.000110s ]
NOTIC: [8] Use of undefined constant read - assumed 'read' D:\wwwroot\huocms\Application\Runtime\Cache\Install\c6bbce5b1f1dcf027c8ceb5cf5141b65.php 第 102 行.
NOTIC: [8] Array to string conversion D:\wwwroot\huocms\Application\Runtime\Cache\Install\c6bbce5b1f1dcf027c8ceb5cf5141b65.php 第 102 行.
NOTIC: [8] Use of undefined constant write - assumed 'write' D:\wwwroot\huocms\Application\Runtime\Cache\Install\c6bbce5b1f1dcf027c8ceb5cf5141b65.php 第 107 行.
NOTIC: [8] Array to string conversion D:\wwwroot\huocms\Application\Runtime\Cache\Install\c6bbce5b1f1dcf027c8ceb5cf5141b65.php 第 107 行.
NOTIC: [8] Undefined index: REMOTE_HOST D:\wwwroot\huocms\Application\Runtime\Cache\Install\c6bbce5b1f1dcf027c8ceb5cf5141b65.php 第 225 行.
NOTIC: [8] Undefined index: REMOTE_HOST D:\wwwroot\huocms\Application\Runtime\Cache\Install\c6bbce5b1f1dcf027c8ceb5cf5141b65.php 第 225 行.
NOTIC: [8] Undefined index: REMOTE_HOST D:\wwwroot\huocms\Application\Runtime\Cache\Install\c6bbce5b1f1dcf027c8ceb5cf5141b65.php 第 226 行.
INFO: Run Behavior\ParseTemplateBehavior [ RunTime:0.015276s ]
INFO: [ view_parse ] --END-- [ RunTime:0.015302s ]
INFO: [ view_filter ] --START--
INFO: Run Behavior\WriteHtmlCacheBehavior [ RunTime:0.000241s ]
INFO: [ view_filter ] --END-- [ RunTime:0.000258s ]
INFO: [ app_end ] --START--
INFO: Run Behavior\ShowPageTraceBehavior [ RunTime:0.000604s ]
INFO: [ app_end ] --END-- [ RunTime:0.000637s ]

[ 2019-04-13T18:47:40+08:00 ] 127.0.0.1 /Install/index/index
INFO: [ app_init ] --START--
INFO: Run Behavior\BuildLiteBehavior [ RunTime:0.000008s ]
INFO: [ app_init ] --END-- [ RunTime:0.000408s ]
INFO: [ app_begin ] --START--
INFO: Run Behavior\ReadHtmlCacheBehavior [ RunTime:0.000482s ]
INFO: [ app_begin ] --END-- [ RunTime:0.000516s ]
INFO: [ view_parse ] --START--
INFO: [ template_filter ] --START--
INFO: Run Behavior\ContentReplaceBehavior [ RunTime:0.000084s ]
INFO: [ template_filter ] --END-- [ RunTime:0.000121s ]
NOTIC: [8] Use of undefined constant read - assumed 'read' D:\wwwroot\huocms\Application\Runtime\Cache\Install\c6bbce5b1f1dcf027c8ceb5cf5141b65.php 第 102 行.
NOTIC: [8] Array to string conversion D:\wwwroot\huocms\Application\Runtime\Cache\Install\c6bbce5b1f1dcf027c8ceb5cf5141b65.php 第 102 行.
NOTIC: [8] Use of undefined constant write - assumed 'write' D:\wwwroot\huocms\Application\Runtime\Cache\Install\c6bbce5b1f1dcf027c8ceb5cf5141b65.php 第 107 行.
NOTIC: [8] Array to string conversion D:\wwwroot\huocms\Application\Runtime\Cache\Install\c6bbce5b1f1dcf027c8ceb5cf5141b65.php 第 107 行.
NOTIC: [8] Undefined index: REMOTE_HOST D:\wwwroot\huocms\Application\Runtime\Cache\Install\c6bbce5b1f1dcf027c8ceb5cf5141b65.php 第 225 行.
NOTIC: [8] Undefined index: REMOTE_HOST D:\wwwroot\huocms\Application\Runtime\Cache\Install\c6bbce5b1f1dcf027c8ceb5cf5141b65.php 第 225 行.
NOTIC: [8] Undefined index: REMOTE_HOST D:\wwwroot\huocms\Application\Runtime\Cache\Install\c6bbce5b1f1dcf027c8ceb5cf5141b65.php 第 226 行.
INFO: Run Behavior\ParseTemplateBehavior [ RunTime:0.022584s ]
INFO: [ view_parse ] --END-- [ RunTime:0.022625s ]
INFO: [ view_filter ] --START--
INFO: Run Behavior\WriteHtmlCacheBehavior [ RunTime:0.000373s ]
INFO: [ view_filter ] --END-- [ RunTime:0.000406s ]
INFO: [ app_end ] --START--
INFO: Run Behavior\ShowPageTraceBehavior [ RunTime:0.000670s ]
INFO: [ app_end ] --END-- [ RunTime:0.000710s ]

[ 2019-04-13T18:47:40+08:00 ] 127.0.0.1 /Install/index/index
INFO: [ app_init ] --START--
INFO: Run Behavior\BuildLiteBehavior [ RunTime:0.000006s ]
INFO: [ app_init ] --END-- [ RunTime:0.000246s ]
INFO: [ app_begin ] --START--
INFO: Run Behavior\ReadHtmlCacheBehavior [ RunTime:0.000408s ]
INFO: [ app_begin ] --END-- [ RunTime:0.000433s ]
INFO: [ view_parse ] --START--
INFO: [ template_filter ] --START--
INFO: Run Behavior\ContentReplaceBehavior [ RunTime:0.000119s ]
INFO: [ template_filter ] --END-- [ RunTime:0.000180s ]
NOTIC: [8] Use of undefined constant read - assumed 'read' D:\wwwroot\huocms\Application\Runtime\Cache\Install\c6bbce5b1f1dcf027c8ceb5cf5141b65.php 第 102 行.
NOTIC: [8] Array to string conversion D:\wwwroot\huocms\Application\Runtime\Cache\Install\c6bbce5b1f1dcf027c8ceb5cf5141b65.php 第 102 行.
NOTIC: [8] Use of undefined constant write - assumed 'write' D:\wwwroot\huocms\Application\Runtime\Cache\Install\c6bbce5b1f1dcf027c8ceb5cf5141b65.php 第 107 行.
NOTIC: [8] Array to string conversion D:\wwwroot\huocms\Application\Runtime\Cache\Install\c6bbce5b1f1dcf027c8ceb5cf5141b65.php 第 107 行.
NOTIC: [8] Undefined index: REMOTE_HOST D:\wwwroot\huocms\Application\Runtime\Cache\Install\c6bbce5b1f1dcf027c8ceb5cf5141b65.php 第 225 行.
NOTIC: [8] Undefined index: REMOTE_HOST D:\wwwroot\huocms\Application\Runtime\Cache\Install\c6bbce5b1f1dcf027c8ceb5cf5141b65.php 第 225 行.
NOTIC: [8] Undefined index: REMOTE_HOST D:\wwwroot\huocms\Application\Runtime\Cache\Install\c6bbce5b1f1dcf027c8ceb5cf5141b65.php 第 226 行.
INFO: Run Behavior\ParseTemplateBehavior [ RunTime:0.036298s ]
INFO: [ view_parse ] --END-- [ RunTime:0.036417s ]
INFO: [ view_filter ] --START--
INFO: Run Behavior\WriteHtmlCacheBehavior [ RunTime:0.000271s ]
INFO: [ view_filter ] --END-- [ RunTime:0.000294s ]
INFO: [ app_end ] --START--
INFO: Run Behavior\ShowPageTraceBehavior [ RunTime:0.000569s ]
INFO: [ app_end ] --END-- [ RunTime:0.000608s ]

[ 2019-04-13T18:47:40+08:00 ] 127.0.0.1 /Install/index/index
INFO: [ app_init ] --START--
INFO: Run Behavior\BuildLiteBehavior [ RunTime:0.000018s ]
INFO: [ app_init ] --END-- [ RunTime:0.000738s ]
INFO: [ app_begin ] --START--
INFO: Run Behavior\ReadHtmlCacheBehavior [ RunTime:0.000500s ]
INFO: [ app_begin ] --END-- [ RunTime:0.000534s ]
INFO: [ view_parse ] --START--
INFO: [ template_filter ] --START--
INFO: Run Behavior\ContentReplaceBehavior [ RunTime:0.000066s ]
INFO: [ template_filter ] --END-- [ RunTime:0.000090s ]
NOTIC: [8] Use of undefined constant read - assumed 'read' D:\wwwroot\huocms\Application\Runtime\Cache\Install\c6bbce5b1f1dcf027c8ceb5cf5141b65.php 第 102 行.
NOTIC: [8] Array to string conversion D:\wwwroot\huocms\Application\Runtime\Cache\Install\c6bbce5b1f1dcf027c8ceb5cf5141b65.php 第 102 行.
NOTIC: [8] Use of undefined constant write - assumed 'write' D:\wwwroot\huocms\Application\Runtime\Cache\Install\c6bbce5b1f1dcf027c8ceb5cf5141b65.php 第 107 行.
NOTIC: [8] Array to string conversion D:\wwwroot\huocms\Application\Runtime\Cache\Install\c6bbce5b1f1dcf027c8ceb5cf5141b65.php 第 107 行.
NOTIC: [8] Undefined index: REMOTE_HOST D:\wwwroot\huocms\Application\Runtime\Cache\Install\c6bbce5b1f1dcf027c8ceb5cf5141b65.php 第 225 行.
NOTIC: [8] Undefined index: REMOTE_HOST D:\wwwroot\huocms\Application\Runtime\Cache\Install\c6bbce5b1f1dcf027c8ceb5cf5141b65.php 第 225 行.
NOTIC: [8] Undefined index: REMOTE_HOST D:\wwwroot\huocms\Application\Runtime\Cache\Install\c6bbce5b1f1dcf027c8ceb5cf5141b65.php 第 226 行.
INFO: Run Behavior\ParseTemplateBehavior [ RunTime:0.016980s ]
INFO: [ view_parse ] --END-- [ RunTime:0.017009s ]
INFO: [ view_filter ] --START--
INFO: Run Behavior\WriteHtmlCacheBehavior [ RunTime:0.000250s ]
INFO: [ view_filter ] --END-- [ RunTime:0.000268s ]
INFO: [ app_end ] --START--
INFO: Run Behavior\ShowPageTraceBehavior [ RunTime:0.000491s ]
INFO: [ app_end ] --END-- [ RunTime:0.000513s ]

[ 2019-04-13T18:47:40+08:00 ] 127.0.0.1 /Install/index/index
INFO: [ app_init ] --START--
INFO: Run Behavior\BuildLiteBehavior [ RunTime:0.000008s ]
INFO: [ app_init ] --END-- [ RunTime:0.000291s ]
INFO: [ app_begin ] --START--
INFO: Run Behavior\ReadHtmlCacheBehavior [ RunTime:0.000497s ]
INFO: [ app_begin ] --END-- [ RunTime:0.000526s ]
INFO: [ view_parse ] --START--
INFO: [ template_filter ] --START--
INFO: Run Behavior\ContentReplaceBehavior [ RunTime:0.000109s ]
INFO: [ template_filter ] --END-- [ RunTime:0.000221s ]
NOTIC: [8] Use of undefined constant read - assumed 'read' D:\wwwroot\huocms\Application\Runtime\Cache\Install\c6bbce5b1f1dcf027c8ceb5cf5141b65.php 第 102 行.
NOTIC: [8] Array to string conversion D:\wwwroot\huocms\Application\Runtime\Cache\Install\c6bbce5b1f1dcf027c8ceb5cf5141b65.php 第 102 行.
NOTIC: [8] Use of undefined constant write - assumed 'write' D:\wwwroot\huocms\Application\Runtime\Cache\Install\c6bbce5b1f1dcf027c8ceb5cf5141b65.php 第 107 行.
NOTIC: [8] Array to string conversion D:\wwwroot\huocms\Application\Runtime\Cache\Install\c6bbce5b1f1dcf027c8ceb5cf5141b65.php 第 107 行.
NOTIC: [8] Undefined index: REMOTE_HOST D:\wwwroot\huocms\Application\Runtime\Cache\Install\c6bbce5b1f1dcf027c8ceb5cf5141b65.php 第 225 行.
NOTIC: [8] Undefined index: REMOTE_HOST D:\wwwroot\huocms\Application\Runtime\Cache\Install\c6bbce5b1f1dcf027c8ceb5cf5141b65.php 第 225 行.
NOTIC: [8] Undefined index: REMOTE_HOST D:\wwwroot\huocms\Application\Runtime\Cache\Install\c6bbce5b1f1dcf027c8ceb5cf5141b65.php 第 226 行.
INFO: Run Behavior\ParseTemplateBehavior [ RunTime:0.025422s ]
INFO: [ view_parse ] --END-- [ RunTime:0.025490s ]
INFO: [ view_filter ] --START--
INFO: Run Behavior\WriteHtmlCacheBehavior [ RunTime:0.000524s ]
INFO: [ view_filter ] --END-- [ RunTime:0.000573s ]
INFO: [ app_end ] --START--
INFO: Run Behavior\ShowPageTraceBehavior [ RunTime:0.000671s ]
INFO: [ app_end ] --END-- [ RunTime:0.000765s ]

[ 2019-04-13T18:47:40+08:00 ] 127.0.0.1 /Install/index/index
INFO: [ app_init ] --START--
INFO: Run Behavior\BuildLiteBehavior [ RunTime:0.000011s ]
INFO: [ app_init ] --END-- [ RunTime:0.000471s ]
INFO: [ app_begin ] --START--
INFO: Run Behavior\ReadHtmlCacheBehavior [ RunTime:0.000564s ]
INFO: [ app_begin ] --END-- [ RunTime:0.000597s ]
INFO: [ view_parse ] --START--
INFO: [ template_filter ] --START--
INFO: Run Behavior\ContentReplaceBehavior [ RunTime:0.000077s ]
INFO: [ template_filter ] --END-- [ RunTime:0.000108s ]
NOTIC: [8] Use of undefined constant read - assumed 'read' D:\wwwroot\huocms\Application\Runtime\Cache\Install\c6bbce5b1f1dcf027c8ceb5cf5141b65.php 第 102 行.
NOTIC: [8] Array to string conversion D:\wwwroot\huocms\Application\Runtime\Cache\Install\c6bbce5b1f1dcf027c8ceb5cf5141b65.php 第 102 行.
NOTIC: [8] Use of undefined constant write - assumed 'write' D:\wwwroot\huocms\Application\Runtime\Cache\Install\c6bbce5b1f1dcf027c8ceb5cf5141b65.php 第 107 行.
NOTIC: [8] Array to string conversion D:\wwwroot\huocms\Application\Runtime\Cache\Install\c6bbce5b1f1dcf027c8ceb5cf5141b65.php 第 107 行.
NOTIC: [8] Undefined index: REMOTE_HOST D:\wwwroot\huocms\Application\Runtime\Cache\Install\c6bbce5b1f1dcf027c8ceb5cf5141b65.php 第 225 行.
NOTIC: [8] Undefined index: REMOTE_HOST D:\wwwroot\huocms\Application\Runtime\Cache\Install\c6bbce5b1f1dcf027c8ceb5cf5141b65.php 第 225 行.
NOTIC: [8] Undefined index: REMOTE_HOST D:\wwwroot\huocms\Application\Runtime\Cache\Install\c6bbce5b1f1dcf027c8ceb5cf5141b65.php 第 226 行.
INFO: Run Behavior\ParseTemplateBehavior [ RunTime:0.022298s ]
INFO: [ view_parse ] --END-- [ RunTime:0.022326s ]
INFO: [ view_filter ] --START--
INFO: Run Behavior\WriteHtmlCacheBehavior [ RunTime:0.000249s ]
INFO: [ view_filter ] --END-- [ RunTime:0.000268s ]
INFO: [ app_end ] --START--
INFO: Run Behavior\ShowPageTraceBehavior [ RunTime:0.000487s ]
INFO: [ app_end ] --END-- [ RunTime:0.000510s ]

[ 2019-04-13T18:47:41+08:00 ] 127.0.0.1 /Install/index/index
INFO: [ app_init ] --START--
INFO: Run Behavior\BuildLiteBehavior [ RunTime:0.000008s ]
INFO: [ app_init ] --END-- [ RunTime:0.000336s ]
INFO: [ app_begin ] --START--
INFO: Run Behavior\ReadHtmlCacheBehavior [ RunTime:0.000487s ]
INFO: [ app_begin ] --END-- [ RunTime:0.000516s ]
INFO: [ view_parse ] --START--
INFO: [ template_filter ] --START--
INFO: Run Behavior\ContentReplaceBehavior [ RunTime:0.000078s ]
INFO: [ template_filter ] --END-- [ RunTime:0.000126s ]
NOTIC: [8] Use of undefined constant read - assumed 'read' D:\wwwroot\huocms\Application\Runtime\Cache\Install\c6bbce5b1f1dcf027c8ceb5cf5141b65.php 第 102 行.
NOTIC: [8] Array to string conversion D:\wwwroot\huocms\Application\Runtime\Cache\Install\c6bbce5b1f1dcf027c8ceb5cf5141b65.php 第 102 行.
NOTIC: [8] Use of undefined constant write - assumed 'write' D:\wwwroot\huocms\Application\Runtime\Cache\Install\c6bbce5b1f1dcf027c8ceb5cf5141b65.php 第 107 行.
NOTIC: [8] Array to string conversion D:\wwwroot\huocms\Application\Runtime\Cache\Install\c6bbce5b1f1dcf027c8ceb5cf5141b65.php 第 107 行.
NOTIC: [8] Undefined index: REMOTE_HOST D:\wwwroot\huocms\Application\Runtime\Cache\Install\c6bbce5b1f1dcf027c8ceb5cf5141b65.php 第 225 行.
NOTIC: [8] Undefined index: REMOTE_HOST D:\wwwroot\huocms\Application\Runtime\Cache\Install\c6bbce5b1f1dcf027c8ceb5cf5141b65.php 第 225 行.
NOTIC: [8] Undefined index: REMOTE_HOST D:\wwwroot\huocms\Application\Runtime\Cache\Install\c6bbce5b1f1dcf027c8ceb5cf5141b65.php 第 226 行.
INFO: Run Behavior\ParseTemplateBehavior [ RunTime:0.015924s ]
INFO: [ view_parse ] --END-- [ RunTime:0.015955s ]
INFO: [ view_filter ] --START--
INFO: Run Behavior\WriteHtmlCacheBehavior [ RunTime:0.000273s ]
INFO: [ view_filter ] --END-- [ RunTime:0.000292s ]
INFO: [ app_end ] --START--
INFO: Run Behavior\ShowPageTraceBehavior [ RunTime:0.000484s ]
INFO: [ app_end ] --END-- [ RunTime:0.000507s ]

[ 2019-04-13T18:47:43+08:00 ] 127.0.0.1 /Install/
INFO: [ app_init ] --START--
INFO: Run Behavior\BuildLiteBehavior [ RunTime:0.000037s ]
INFO: [ app_init ] --END-- [ RunTime:0.000484s ]
INFO: [ app_begin ] --START--
INFO: Run Behavior\ReadHtmlCacheBehavior [ RunTime:0.000409s ]
INFO: [ app_begin ] --END-- [ RunTime:0.000450s ]
INFO: [ view_parse ] --START--
INFO: [ template_filter ] --START--
INFO: Run Behavior\ContentReplaceBehavior [ RunTime:0.000065s ]
INFO: [ template_filter ] --END-- [ RunTime:0.000094s ]
NOTIC: [8] Use of undefined constant read - assumed 'read' D:\wwwroot\huocms\Application\Runtime\Cache\Install\c6bbce5b1f1dcf027c8ceb5cf5141b65.php 第 102 行.
NOTIC: [8] Array to string conversion D:\wwwroot\huocms\Application\Runtime\Cache\Install\c6bbce5b1f1dcf027c8ceb5cf5141b65.php 第 102 行.
NOTIC: [8] Use of undefined constant write - assumed 'write' D:\wwwroot\huocms\Application\Runtime\Cache\Install\c6bbce5b1f1dcf027c8ceb5cf5141b65.php 第 107 行.
NOTIC: [8] Array to string conversion D:\wwwroot\huocms\Application\Runtime\Cache\Install\c6bbce5b1f1dcf027c8ceb5cf5141b65.php 第 107 行.
NOTIC: [8] Undefined index: REMOTE_HOST D:\wwwroot\huocms\Application\Runtime\Cache\Install\c6bbce5b1f1dcf027c8ceb5cf5141b65.php 第 225 行.
NOTIC: [8] Undefined index: REMOTE_HOST D:\wwwroot\huocms\Application\Runtime\Cache\Install\c6bbce5b1f1dcf027c8ceb5cf5141b65.php 第 225 行.
NOTIC: [8] Undefined index: REMOTE_HOST D:\wwwroot\huocms\Application\Runtime\Cache\Install\c6bbce5b1f1dcf027c8ceb5cf5141b65.php 第 226 行.
INFO: Run Behavior\ParseTemplateBehavior [ RunTime:0.018109s ]
INFO: [ view_parse ] --END-- [ RunTime:0.018135s ]
INFO: [ view_filter ] --START--
INFO: Run Behavior\WriteHtmlCacheBehavior [ RunTime:0.000268s ]
INFO: [ view_filter ] --END-- [ RunTime:0.000303s ]
INFO: [ app_end ] --START--
INFO: Run Behavior\ShowPageTraceBehavior [ RunTime:0.000431s ]
INFO: [ app_end ] --END-- [ RunTime:0.000453s ]

[ 2019-04-13T18:48:42+08:00 ] 127.0.0.1 /Install/index/index
INFO: [ app_init ] --START--
INFO: Run Behavior\BuildLiteBehavior [ RunTime:0.000008s ]
INFO: [ app_init ] --END-- [ RunTime:0.000286s ]
INFO: [ app_begin ] --START--
INFO: Run Behavior\ReadHtmlCacheBehavior [ RunTime:0.000472s ]
INFO: [ app_begin ] --END-- [ RunTime:0.000499s ]
INFO: [ view_parse ] --START--
INFO: [ template_filter ] --START--
INFO: Run Behavior\ContentReplaceBehavior [ RunTime:0.000079s ]
INFO: [ template_filter ] --END-- [ RunTime:0.000109s ]
NOTIC: [8] Use of undefined constant read - assumed 'read' D:\wwwroot\huocms\Application\Runtime\Cache\Install\c6bbce5b1f1dcf027c8ceb5cf5141b65.php 第 102 行.
NOTIC: [8] Array to string conversion D:\wwwroot\huocms\Application\Runtime\Cache\Install\c6bbce5b1f1dcf027c8ceb5cf5141b65.php 第 102 行.
NOTIC: [8] Use of undefined constant write - assumed 'write' D:\wwwroot\huocms\Application\Runtime\Cache\Install\c6bbce5b1f1dcf027c8ceb5cf5141b65.php 第 107 行.
NOTIC: [8] Array to string conversion D:\wwwroot\huocms\Application\Runtime\Cache\Install\c6bbce5b1f1dcf027c8ceb5cf5141b65.php 第 107 行.
NOTIC: [8] Undefined index: REMOTE_HOST D:\wwwroot\huocms\Application\Runtime\Cache\Install\c6bbce5b1f1dcf027c8ceb5cf5141b65.php 第 225 行.
NOTIC: [8] Undefined index: REMOTE_HOST D:\wwwroot\huocms\Application\Runtime\Cache\Install\c6bbce5b1f1dcf027c8ceb5cf5141b65.php 第 226 行.
NOTIC: [8] Undefined index: REMOTE_HOST D:\wwwroot\huocms\Application\Runtime\Cache\Install\c6bbce5b1f1dcf027c8ceb5cf5141b65.php 第 231 行.
INFO: Run Behavior\ParseTemplateBehavior [ RunTime:0.017366s ]
INFO: [ view_parse ] --END-- [ RunTime:0.017403s ]
INFO: [ view_filter ] --START--
INFO: Run Behavior\WriteHtmlCacheBehavior [ RunTime:0.000410s ]
INFO: [ view_filter ] --END-- [ RunTime:0.000440s ]
INFO: [ app_end ] --START--
INFO: Run Behavior\ShowPageTraceBehavior [ RunTime:0.000475s ]
INFO: [ app_end ] --END-- [ RunTime:0.000538s ]

[ 2019-04-13T18:48:58+08:00 ] 127.0.0.1 /Install/index/index
INFO: [ app_init ] --START--
INFO: Run Behavior\BuildLiteBehavior [ RunTime:0.000010s ]
INFO: [ app_init ] --END-- [ RunTime:0.000268s ]
INFO: [ app_begin ] --START--
INFO: Run Behavior\ReadHtmlCacheBehavior [ RunTime:0.000434s ]
INFO: [ app_begin ] --END-- [ RunTime:0.000456s ]
INFO: [ view_parse ] --START--
INFO: [ template_filter ] --START--
INFO: Run Behavior\ContentReplaceBehavior [ RunTime:0.000078s ]
INFO: [ template_filter ] --END-- [ RunTime:0.000118s ]
NOTIC: [8] Use of undefined constant read - assumed 'read' D:\wwwroot\huocms\Application\Runtime\Cache\Install\c6bbce5b1f1dcf027c8ceb5cf5141b65.php 第 102 行.
NOTIC: [8] Array to string conversion D:\wwwroot\huocms\Application\Runtime\Cache\Install\c6bbce5b1f1dcf027c8ceb5cf5141b65.php 第 102 行.
NOTIC: [8] Use of undefined constant write - assumed 'write' D:\wwwroot\huocms\Application\Runtime\Cache\Install\c6bbce5b1f1dcf027c8ceb5cf5141b65.php 第 107 行.
NOTIC: [8] Array to string conversion D:\wwwroot\huocms\Application\Runtime\Cache\Install\c6bbce5b1f1dcf027c8ceb5cf5141b65.php 第 107 行.
NOTIC: [8] Undefined index: REMOTE_HOST D:\wwwroot\huocms\Application\Runtime\Cache\Install\c6bbce5b1f1dcf027c8ceb5cf5141b65.php 第 225 行.
NOTIC: [8] Undefined index: REMOTE_HOST D:\wwwroot\huocms\Application\Runtime\Cache\Install\c6bbce5b1f1dcf027c8ceb5cf5141b65.php 第 226 行.
NOTIC: [8] Undefined index: REMOTE_HOST D:\wwwroot\huocms\Application\Runtime\Cache\Install\c6bbce5b1f1dcf027c8ceb5cf5141b65.php 第 231 行.
INFO: Run Behavior\ParseTemplateBehavior [ RunTime:0.018312s ]
INFO: [ view_parse ] --END-- [ RunTime:0.018377s ]
INFO: [ view_filter ] --START--
INFO: Run Behavior\WriteHtmlCacheBehavior [ RunTime:0.000539s ]
INFO: [ view_filter ] --END-- [ RunTime:0.000580s ]
INFO: [ app_end ] --START--
INFO: Run Behavior\ShowPageTraceBehavior [ RunTime:0.000610s ]
INFO: [ app_end ] --END-- [ RunTime:0.000655s ]

[ 2019-04-13T18:49:37+08:00 ] 127.0.0.1 /Install/index/index
INFO: [ app_init ] --START--
INFO: Run Behavior\BuildLiteBehavior [ RunTime:0.000009s ]
INFO: [ app_init ] --END-- [ RunTime:0.000313s ]
INFO: [ app_begin ] --START--
INFO: Run Behavior\ReadHtmlCacheBehavior [ RunTime:0.000406s ]
INFO: [ app_begin ] --END-- [ RunTime:0.000430s ]
INFO: [ view_parse ] --START--
INFO: [ template_filter ] --START--
INFO: Run Behavior\ContentReplaceBehavior [ RunTime:0.008122s ]
INFO: [ template_filter ] --END-- [ RunTime:0.008208s ]
NOTIC: [8] Use of undefined constant read - assumed 'read' D:\wwwroot\huocms\Application\Runtime\Cache\Install\c6bbce5b1f1dcf027c8ceb5cf5141b65.php 第 102 行.
NOTIC: [8] Array to string conversion D:\wwwroot\huocms\Application\Runtime\Cache\Install\c6bbce5b1f1dcf027c8ceb5cf5141b65.php 第 102 行.
NOTIC: [8] Use of undefined constant write - assumed 'write' D:\wwwroot\huocms\Application\Runtime\Cache\Install\c6bbce5b1f1dcf027c8ceb5cf5141b65.php 第 107 行.
NOTIC: [8] Array to string conversion D:\wwwroot\huocms\Application\Runtime\Cache\Install\c6bbce5b1f1dcf027c8ceb5cf5141b65.php 第 107 行.
NOTIC: [8] Undefined index: REMOTE_HOST D:\wwwroot\huocms\Application\Runtime\Cache\Install\c6bbce5b1f1dcf027c8ceb5cf5141b65.php 第 225 行.
NOTIC: [8] Undefined index: REMOTE_HOST D:\wwwroot\huocms\Application\Runtime\Cache\Install\c6bbce5b1f1dcf027c8ceb5cf5141b65.php 第 226 行.
NOTIC: [8] Undefined index: REMOTE_HOST D:\wwwroot\huocms\Application\Runtime\Cache\Install\c6bbce5b1f1dcf027c8ceb5cf5141b65.php 第 231 行.
INFO: Run Behavior\ParseTemplateBehavior [ RunTime:0.135380s ]
INFO: [ view_parse ] --END-- [ RunTime:0.135468s ]
INFO: [ view_filter ] --START--
INFO: Run Behavior\WriteHtmlCacheBehavior [ RunTime:0.000833s ]
INFO: [ view_filter ] --END-- [ RunTime:0.000872s ]
INFO: [ app_end ] --START--
INFO: Run Behavior\ShowPageTraceBehavior [ RunTime:0.000766s ]
INFO: [ app_end ] --END-- [ RunTime:0.000809s ]

[ 2019-04-13T18:49:46+08:00 ] 127.0.0.1 /Install/index/index
INFO: [ app_init ] --START--
INFO: Run Behavior\BuildLiteBehavior [ RunTime:0.000007s ]
INFO: [ app_init ] --END-- [ RunTime:0.000322s ]
INFO: [ app_begin ] --START--
INFO: Run Behavior\ReadHtmlCacheBehavior [ RunTime:0.000427s ]
INFO: [ app_begin ] --END-- [ RunTime:0.000457s ]
INFO: [ view_parse ] --START--
INFO: [ template_filter ] --START--
INFO: Run Behavior\ContentReplaceBehavior [ RunTime:0.000082s ]
INFO: [ template_filter ] --END-- [ RunTime:0.000127s ]
NOTIC: [8] Use of undefined constant read - assumed 'read' D:\wwwroot\huocms\Application\Runtime\Cache\Install\c6bbce5b1f1dcf027c8ceb5cf5141b65.php 第 102 行.
NOTIC: [8] Array to string conversion D:\wwwroot\huocms\Application\Runtime\Cache\Install\c6bbce5b1f1dcf027c8ceb5cf5141b65.php 第 102 行.
NOTIC: [8] Use of undefined constant write - assumed 'write' D:\wwwroot\huocms\Application\Runtime\Cache\Install\c6bbce5b1f1dcf027c8ceb5cf5141b65.php 第 107 行.
NOTIC: [8] Array to string conversion D:\wwwroot\huocms\Application\Runtime\Cache\Install\c6bbce5b1f1dcf027c8ceb5cf5141b65.php 第 107 行.
NOTIC: [8] Undefined index: NAME D:\wwwroot\huocms\Application\Runtime\Cache\Install\c6bbce5b1f1dcf027c8ceb5cf5141b65.php 第 225 行.
NOTIC: [8] Undefined index: REMOTE_HOST D:\wwwroot\huocms\Application\Runtime\Cache\Install\c6bbce5b1f1dcf027c8ceb5cf5141b65.php 第 225 行.
NOTIC: [8] Undefined index: REMOTE_HOST D:\wwwroot\huocms\Application\Runtime\Cache\Install\c6bbce5b1f1dcf027c8ceb5cf5141b65.php 第 226 行.
NOTIC: [8] Undefined index: REMOTE_HOST D:\wwwroot\huocms\Application\Runtime\Cache\Install\c6bbce5b1f1dcf027c8ceb5cf5141b65.php 第 231 行.
INFO: Run Behavior\ParseTemplateBehavior [ RunTime:0.019249s ]
INFO: [ view_parse ] --END-- [ RunTime:0.019281s ]
INFO: [ view_filter ] --START--
INFO: Run Behavior\WriteHtmlCacheBehavior [ RunTime:0.000285s ]
INFO: [ view_filter ] --END-- [ RunTime:0.000308s ]
INFO: [ app_end ] --START--
INFO: Run Behavior\ShowPageTraceBehavior [ RunTime:0.000484s ]
INFO: [ app_end ] --END-- [ RunTime:0.000506s ]

[ 2019-04-13T18:50:12+08:00 ] 127.0.0.1 /Install/index/index
INFO: [ app_init ] --START--
INFO: Run Behavior\BuildLiteBehavior [ RunTime:0.000006s ]
INFO: [ app_init ] --END-- [ RunTime:0.000225s ]
INFO: [ app_begin ] --START--
INFO: Run Behavior\ReadHtmlCacheBehavior [ RunTime:0.000355s ]
INFO: [ app_begin ] --END-- [ RunTime:0.000385s ]
INFO: [ view_parse ] --START--
INFO: [ template_filter ] --START--
INFO: Run Behavior\ContentReplaceBehavior [ RunTime:0.000078s ]
INFO: [ template_filter ] --END-- [ RunTime:0.000108s ]
NOTIC: [8] Use of undefined constant read - assumed 'read' D:\wwwroot\huocms\Application\Runtime\Cache\Install\c6bbce5b1f1dcf027c8ceb5cf5141b65.php 第 102 行.
NOTIC: [8] Array to string conversion D:\wwwroot\huocms\Application\Runtime\Cache\Install\c6bbce5b1f1dcf027c8ceb5cf5141b65.php 第 102 行.
NOTIC: [8] Use of undefined constant write - assumed 'write' D:\wwwroot\huocms\Application\Runtime\Cache\Install\c6bbce5b1f1dcf027c8ceb5cf5141b65.php 第 107 行.
NOTIC: [8] Array to string conversion D:\wwwroot\huocms\Application\Runtime\Cache\Install\c6bbce5b1f1dcf027c8ceb5cf5141b65.php 第 107 行.
NOTIC: [8] Undefined index: REMOTE_HOST D:\wwwroot\huocms\Application\Runtime\Cache\Install\c6bbce5b1f1dcf027c8ceb5cf5141b65.php 第 225 行.
NOTIC: [8] Undefined index: REMOTE_HOST D:\wwwroot\huocms\Application\Runtime\Cache\Install\c6bbce5b1f1dcf027c8ceb5cf5141b65.php 第 226 行.
NOTIC: [8] Undefined index: REMOTE_HOST D:\wwwroot\huocms\Application\Runtime\Cache\Install\c6bbce5b1f1dcf027c8ceb5cf5141b65.php 第 231 行.
INFO: Run Behavior\ParseTemplateBehavior [ RunTime:0.018687s ]
INFO: [ view_parse ] --END-- [ RunTime:0.018744s ]
INFO: [ view_filter ] --START--
INFO: Run Behavior\WriteHtmlCacheBehavior [ RunTime:0.000300s ]
INFO: [ view_filter ] --END-- [ RunTime:0.000323s ]
INFO: [ app_end ] --START--
INFO: Run Behavior\ShowPageTraceBehavior [ RunTime:0.000551s ]
INFO: [ app_end ] --END-- [ RunTime:0.000584s ]

[ 2019-04-13T18:50:30+08:00 ] 127.0.0.1 /Install/index/index
INFO: [ app_init ] --START--
INFO: Run Behavior\BuildLiteBehavior [ RunTime:0.000006s ]
INFO: [ app_init ] --END-- [ RunTime:0.000235s ]
INFO: [ app_begin ] --START--
INFO: Run Behavior\ReadHtmlCacheBehavior [ RunTime:0.000319s ]
INFO: [ app_begin ] --END-- [ RunTime:0.000342s ]
INFO: [ view_parse ] --START--
INFO: [ template_filter ] --START--
INFO: Run Behavior\ContentReplaceBehavior [ RunTime:0.000063s ]
INFO: [ template_filter ] --END-- [ RunTime:0.000087s ]
NOTIC: [8] Use of undefined constant read - assumed 'read' D:\wwwroot\huocms\Application\Runtime\Cache\Install\c6bbce5b1f1dcf027c8ceb5cf5141b65.php 第 102 行.
NOTIC: [8] Array to string conversion D:\wwwroot\huocms\Application\Runtime\Cache\Install\c6bbce5b1f1dcf027c8ceb5cf5141b65.php 第 102 行.
NOTIC: [8] Use of undefined constant write - assumed 'write' D:\wwwroot\huocms\Application\Runtime\Cache\Install\c6bbce5b1f1dcf027c8ceb5cf5141b65.php 第 107 行.
NOTIC: [8] Array to string conversion D:\wwwroot\huocms\Application\Runtime\Cache\Install\c6bbce5b1f1dcf027c8ceb5cf5141b65.php 第 107 行.
NOTIC: [8] Undefined index: REMOTE_HOST D:\wwwroot\huocms\Application\Runtime\Cache\Install\c6bbce5b1f1dcf027c8ceb5cf5141b65.php 第 226 行.
NOTIC: [8] Undefined index: REMOTE_HOST D:\wwwroot\huocms\Application\Runtime\Cache\Install\c6bbce5b1f1dcf027c8ceb5cf5141b65.php 第 231 行.
INFO: Run Behavior\ParseTemplateBehavior [ RunTime:0.023424s ]
INFO: [ view_parse ] --END-- [ RunTime:0.023467s ]
INFO: [ view_filter ] --START--
INFO: Run Behavior\WriteHtmlCacheBehavior [ RunTime:0.000709s ]
INFO: [ view_filter ] --END-- [ RunTime:0.000783s ]
INFO: [ app_end ] --START--
INFO: Run Behavior\ShowPageTraceBehavior [ RunTime:0.000934s ]
INFO: [ app_end ] --END-- [ RunTime:0.001128s ]

[ 2019-04-13T18:51:20+08:00 ] 127.0.0.1 /Install/index/index
INFO: [ app_init ] --START--
INFO: Run Behavior\BuildLiteBehavior [ RunTime:0.000007s ]
INFO: [ app_init ] --END-- [ RunTime:0.000242s ]
INFO: [ app_begin ] --START--
INFO: Run Behavior\ReadHtmlCacheBehavior [ RunTime:0.000426s ]
INFO: [ app_begin ] --END-- [ RunTime:0.000477s ]
INFO: [ view_parse ] --START--
INFO: [ template_filter ] --START--
INFO: Run Behavior\ContentReplaceBehavior [ RunTime:0.000090s ]
INFO: [ template_filter ] --END-- [ RunTime:0.000113s ]
NOTIC: [8] Use of undefined constant read - assumed 'read' D:\wwwroot\huocms\Application\Runtime\Cache\Install\c6bbce5b1f1dcf027c8ceb5cf5141b65.php 第 102 行.
NOTIC: [8] Array to string conversion D:\wwwroot\huocms\Application\Runtime\Cache\Install\c6bbce5b1f1dcf027c8ceb5cf5141b65.php 第 102 行.
NOTIC: [8] Use of undefined constant write - assumed 'write' D:\wwwroot\huocms\Application\Runtime\Cache\Install\c6bbce5b1f1dcf027c8ceb5cf5141b65.php 第 107 行.
NOTIC: [8] Array to string conversion D:\wwwroot\huocms\Application\Runtime\Cache\Install\c6bbce5b1f1dcf027c8ceb5cf5141b65.php 第 107 行.
NOTIC: [8] Undefined index: REMOTE_HOST D:\wwwroot\huocms\Application\Runtime\Cache\Install\c6bbce5b1f1dcf027c8ceb5cf5141b65.php 第 226 行.
NOTIC: [8] Undefined index: REMOTE_HOST D:\wwwroot\huocms\Application\Runtime\Cache\Install\c6bbce5b1f1dcf027c8ceb5cf5141b65.php 第 231 行.
INFO: Run Behavior\ParseTemplateBehavior [ RunTime:0.031637s ]
INFO: [ view_parse ] --END-- [ RunTime:0.031674s ]
INFO: [ view_filter ] --START--
INFO: Run Behavior\WriteHtmlCacheBehavior [ RunTime:0.000463s ]
INFO: [ view_filter ] --END-- [ RunTime:0.000494s ]
INFO: [ app_end ] --START--
INFO: Run Behavior\ShowPageTraceBehavior [ RunTime:0.000669s ]
INFO: [ app_end ] --END-- [ RunTime:0.000713s ]

[ 2019-04-13T18:51:28+08:00 ] 127.0.0.1 /Install/index/index
INFO: [ app_init ] --START--
INFO: Run Behavior\BuildLiteBehavior [ RunTime:0.000008s ]
INFO: [ app_init ] --END-- [ RunTime:0.000294s ]
INFO: [ app_begin ] --START--
INFO: Run Behavior\ReadHtmlCacheBehavior [ RunTime:0.000585s ]
INFO: [ app_begin ] --END-- [ RunTime:0.000629s ]
INFO: [ view_parse ] --START--
INFO: [ template_filter ] --START--
INFO: Run Behavior\ContentReplaceBehavior [ RunTime:0.000065s ]
INFO: [ template_filter ] --END-- [ RunTime:0.000091s ]
NOTIC: [8] Use of undefined constant read - assumed 'read' D:\wwwroot\huocms\Application\Runtime\Cache\Install\c6bbce5b1f1dcf027c8ceb5cf5141b65.php 第 102 行.
NOTIC: [8] Array to string conversion D:\wwwroot\huocms\Application\Runtime\Cache\Install\c6bbce5b1f1dcf027c8ceb5cf5141b65.php 第 102 行.
NOTIC: [8] Use of undefined constant write - assumed 'write' D:\wwwroot\huocms\Application\Runtime\Cache\Install\c6bbce5b1f1dcf027c8ceb5cf5141b65.php 第 107 行.
NOTIC: [8] Array to string conversion D:\wwwroot\huocms\Application\Runtime\Cache\Install\c6bbce5b1f1dcf027c8ceb5cf5141b65.php 第 107 行.
NOTIC: [8] Undefined index: REMOTE_HOST D:\wwwroot\huocms\Application\Runtime\Cache\Install\c6bbce5b1f1dcf027c8ceb5cf5141b65.php 第 226 行.
NOTIC: [8] Undefined index: REMOTE_HOST D:\wwwroot\huocms\Application\Runtime\Cache\Install\c6bbce5b1f1dcf027c8ceb5cf5141b65.php 第 231 行.
INFO: Run Behavior\ParseTemplateBehavior [ RunTime:0.016431s ]
INFO: [ view_parse ] --END-- [ RunTime:0.016463s ]
INFO: [ view_filter ] --START--
INFO: Run Behavior\WriteHtmlCacheBehavior [ RunTime:0.000229s ]
INFO: [ view_filter ] --END-- [ RunTime:0.000247s ]
INFO: [ app_end ] --START--
INFO: Run Behavior\ShowPageTraceBehavior [ RunTime:0.000579s ]
INFO: [ app_end ] --END-- [ RunTime:0.000610s ]

[ 2019-04-13T18:52:03+08:00 ] 127.0.0.1 /Install/index/index
INFO: [ app_init ] --START--
INFO: Run Behavior\BuildLiteBehavior [ RunTime:0.000010s ]
INFO: [ app_init ] --END-- [ RunTime:0.000371s ]
INFO: [ app_begin ] --START--
INFO: Run Behavior\ReadHtmlCacheBehavior [ RunTime:0.000962s ]
INFO: [ app_begin ] --END-- [ RunTime:0.001058s ]
INFO: [ view_parse ] --START--
INFO: [ template_filter ] --START--
INFO: Run Behavior\ContentReplaceBehavior [ RunTime:0.000065s ]
INFO: [ template_filter ] --END-- [ RunTime:0.000092s ]
NOTIC: [8] Use of undefined constant read - assumed 'read' D:\wwwroot\huocms\Application\Runtime\Cache\Install\c6bbce5b1f1dcf027c8ceb5cf5141b65.php 第 102 行.
NOTIC: [8] Array to string conversion D:\wwwroot\huocms\Application\Runtime\Cache\Install\c6bbce5b1f1dcf027c8ceb5cf5141b65.php 第 102 行.
NOTIC: [8] Use of undefined constant write - assumed 'write' D:\wwwroot\huocms\Application\Runtime\Cache\Install\c6bbce5b1f1dcf027c8ceb5cf5141b65.php 第 107 行.
NOTIC: [8] Array to string conversion D:\wwwroot\huocms\Application\Runtime\Cache\Install\c6bbce5b1f1dcf027c8ceb5cf5141b65.php 第 107 行.
NOTIC: [8] Undefined index: REMOTE_HOST D:\wwwroot\huocms\Application\Runtime\Cache\Install\c6bbce5b1f1dcf027c8ceb5cf5141b65.php 第 226 行.
NOTIC: [8] Undefined index: REMOTE_HOST D:\wwwroot\huocms\Application\Runtime\Cache\Install\c6bbce5b1f1dcf027c8ceb5cf5141b65.php 第 231 行.
INFO: Run Behavior\ParseTemplateBehavior [ RunTime:0.021146s ]
INFO: [ view_parse ] --END-- [ RunTime:0.021185s ]
INFO: [ view_filter ] --START--
INFO: Run Behavior\WriteHtmlCacheBehavior [ RunTime:0.000500s ]
INFO: [ view_filter ] --END-- [ RunTime:0.000521s ]
INFO: [ app_end ] --START--
INFO: Run Behavior\ShowPageTraceBehavior [ RunTime:0.000621s ]
INFO: [ app_end ] --END-- [ RunTime:0.000672s ]

[ 2019-04-13T18:52:06+08:00 ] 127.0.0.1 /Install/index/index
INFO: [ app_init ] --START--
INFO: Run Behavior\BuildLiteBehavior [ RunTime:0.000010s ]
INFO: [ app_init ] --END-- [ RunTime:0.000326s ]
INFO: [ app_begin ] --START--
INFO: Run Behavior\ReadHtmlCacheBehavior [ RunTime:0.000328s ]
INFO: [ app_begin ] --END-- [ RunTime:0.000352s ]
INFO: [ view_parse ] --START--
INFO: [ template_filter ] --START--
INFO: Run Behavior\ContentReplaceBehavior [ RunTime:0.000081s ]
INFO: [ template_filter ] --END-- [ RunTime:0.000118s ]
NOTIC: [8] Use of undefined constant read - assumed 'read' D:\wwwroot\huocms\Application\Runtime\Cache\Install\c6bbce5b1f1dcf027c8ceb5cf5141b65.php 第 102 行.
NOTIC: [8] Array to string conversion D:\wwwroot\huocms\Application\Runtime\Cache\Install\c6bbce5b1f1dcf027c8ceb5cf5141b65.php 第 102 行.
NOTIC: [8] Use of undefined constant write - assumed 'write' D:\wwwroot\huocms\Application\Runtime\Cache\Install\c6bbce5b1f1dcf027c8ceb5cf5141b65.php 第 107 行.
NOTIC: [8] Array to string conversion D:\wwwroot\huocms\Application\Runtime\Cache\Install\c6bbce5b1f1dcf027c8ceb5cf5141b65.php 第 107 行.
NOTIC: [8] Undefined index: REMOTE_HOST D:\wwwroot\huocms\Application\Runtime\Cache\Install\c6bbce5b1f1dcf027c8ceb5cf5141b65.php 第 226 行.
NOTIC: [8] Undefined index: REMOTE_HOST D:\wwwroot\huocms\Application\Runtime\Cache\Install\c6bbce5b1f1dcf027c8ceb5cf5141b65.php 第 231 行.
INFO: Run Behavior\ParseTemplateBehavior [ RunTime:0.017723s ]
INFO: [ view_parse ] --END-- [ RunTime:0.017748s ]
INFO: [ view_filter ] --START--
INFO: Run Behavior\WriteHtmlCacheBehavior [ RunTime:0.000244s ]
INFO: [ view_filter ] --END-- [ RunTime:0.000263s ]
INFO: [ app_end ] --START--
INFO: Run Behavior\ShowPageTraceBehavior [ RunTime:0.000421s ]
INFO: [ app_end ] --END-- [ RunTime:0.000443s ]

[ 2019-04-13T18:58:53+08:00 ] 127.0.0.1 /Install/index/index
INFO: [ app_init ] --START--
INFO: Run Behavior\BuildLiteBehavior [ RunTime:0.000008s ]
INFO: [ app_init ] --END-- [ RunTime:0.000336s ]
INFO: [ app_begin ] --START--
INFO: Run Behavior\ReadHtmlCacheBehavior [ RunTime:0.000398s ]
INFO: [ app_begin ] --END-- [ RunTime:0.000422s ]
INFO: [ view_parse ] --START--
INFO: [ template_filter ] --START--
INFO: Run Behavior\ContentReplaceBehavior [ RunTime:0.000111s ]
INFO: [ template_filter ] --END-- [ RunTime:0.000164s ]
NOTIC: [8] Use of undefined constant read - assumed 'read' D:\wwwroot\huocms\Application\Runtime\Cache\Install\c6bbce5b1f1dcf027c8ceb5cf5141b65.php 第 102 行.
NOTIC: [8] Array to string conversion D:\wwwroot\huocms\Application\Runtime\Cache\Install\c6bbce5b1f1dcf027c8ceb5cf5141b65.php 第 102 行.
NOTIC: [8] Use of undefined constant write - assumed 'write' D:\wwwroot\huocms\Application\Runtime\Cache\Install\c6bbce5b1f1dcf027c8ceb5cf5141b65.php 第 107 行.
NOTIC: [8] Array to string conversion D:\wwwroot\huocms\Application\Runtime\Cache\Install\c6bbce5b1f1dcf027c8ceb5cf5141b65.php 第 107 行.
NOTIC: [8] Undefined index: REMOTE_HOST D:\wwwroot\huocms\Application\Runtime\Cache\Install\c6bbce5b1f1dcf027c8ceb5cf5141b65.php 第 226 行.
NOTIC: [8] Undefined index: REMOTE_HOST D:\wwwroot\huocms\Application\Runtime\Cache\Install\c6bbce5b1f1dcf027c8ceb5cf5141b65.php 第 231 行.
INFO: Run Behavior\ParseTemplateBehavior [ RunTime:0.022970s ]
INFO: [ view_parse ] --END-- [ RunTime:0.023013s ]
INFO: [ view_filter ] --START--
INFO: Run Behavior\WriteHtmlCacheBehavior [ RunTime:0.000362s ]
INFO: [ view_filter ] --END-- [ RunTime:0.000383s ]
INFO: [ app_end ] --START--
INFO: Run Behavior\ShowPageTraceBehavior [ RunTime:0.000557s ]
INFO: [ app_end ] --END-- [ RunTime:0.000584s ]

[ 2019-04-13T18:59:15+08:00 ] 127.0.0.1 /Install/index/index
INFO: [ app_init ] --START--
INFO: Run Behavior\BuildLiteBehavior [ RunTime:0.000009s ]
INFO: [ app_init ] --END-- [ RunTime:0.000497s ]
INFO: [ app_begin ] --START--
INFO: Run Behavior\ReadHtmlCacheBehavior [ RunTime:0.000704s ]
INFO: [ app_begin ] --END-- [ RunTime:0.000745s ]
INFO: [ view_parse ] --START--
INFO: [ template_filter ] --START--
INFO: Run Behavior\ContentReplaceBehavior [ RunTime:0.000074s ]
INFO: [ template_filter ] --END-- [ RunTime:0.000116s ]
NOTIC: [8] Use of undefined constant read - assumed 'read' D:\wwwroot\huocms\Application\Runtime\Cache\Install\c6bbce5b1f1dcf027c8ceb5cf5141b65.php 第 102 行.
NOTIC: [8] Array to string conversion D:\wwwroot\huocms\Application\Runtime\Cache\Install\c6bbce5b1f1dcf027c8ceb5cf5141b65.php 第 102 行.
NOTIC: [8] Use of undefined constant write - assumed 'write' D:\wwwroot\huocms\Application\Runtime\Cache\Install\c6bbce5b1f1dcf027c8ceb5cf5141b65.php 第 107 行.
NOTIC: [8] Array to string conversion D:\wwwroot\huocms\Application\Runtime\Cache\Install\c6bbce5b1f1dcf027c8ceb5cf5141b65.php 第 107 行.
NOTIC: [8] Undefined index: REMOTE_HOST D:\wwwroot\huocms\Application\Runtime\Cache\Install\c6bbce5b1f1dcf027c8ceb5cf5141b65.php 第 231 行.
INFO: Run Behavior\ParseTemplateBehavior [ RunTime:0.027383s ]
INFO: [ view_parse ] --END-- [ RunTime:0.027415s ]
INFO: [ view_filter ] --START--
INFO: Run Behavior\WriteHtmlCacheBehavior [ RunTime:0.000242s ]
INFO: [ view_filter ] --END-- [ RunTime:0.000261s ]
INFO: [ app_end ] --START--
INFO: Run Behavior\ShowPageTraceBehavior [ RunTime:0.000844s ]
INFO: [ app_end ] --END-- [ RunTime:0.000889s ]

[ 2019-04-13T18:59:43+08:00 ] 127.0.0.1 /Install/index/index
INFO: [ app_init ] --START--
INFO: Run Behavior\BuildLiteBehavior [ RunTime:0.000010s ]
INFO: [ app_init ] --END-- [ RunTime:0.000525s ]
INFO: [ app_begin ] --START--
INFO: Run Behavior\ReadHtmlCacheBehavior [ RunTime:0.011055s ]
INFO: [ app_begin ] --END-- [ RunTime:0.011097s ]
INFO: [ view_parse ] --START--
INFO: [ template_filter ] --START--
INFO: Run Behavior\ContentReplaceBehavior [ RunTime:0.000062s ]
INFO: [ template_filter ] --END-- [ RunTime:0.000084s ]
NOTIC: [8] Use of undefined constant read - assumed 'read' D:\wwwroot\huocms\Application\Runtime\Cache\Install\c6bbce5b1f1dcf027c8ceb5cf5141b65.php 第 102 行.
NOTIC: [8] Array to string conversion D:\wwwroot\huocms\Application\Runtime\Cache\Install\c6bbce5b1f1dcf027c8ceb5cf5141b65.php 第 102 行.
NOTIC: [8] Use of undefined constant write - assumed 'write' D:\wwwroot\huocms\Application\Runtime\Cache\Install\c6bbce5b1f1dcf027c8ceb5cf5141b65.php 第 107 行.
NOTIC: [8] Array to string conversion D:\wwwroot\huocms\Application\Runtime\Cache\Install\c6bbce5b1f1dcf027c8ceb5cf5141b65.php 第 107 行.
NOTIC: [8] Undefined index: REMOTE_HOST D:\wwwroot\huocms\Application\Runtime\Cache\Install\c6bbce5b1f1dcf027c8ceb5cf5141b65.php 第 231 行.
INFO: Run Behavior\ParseTemplateBehavior [ RunTime:0.017707s ]
INFO: [ view_parse ] --END-- [ RunTime:0.017733s ]
INFO: [ view_filter ] --START--
INFO: Run Behavior\WriteHtmlCacheBehavior [ RunTime:0.000281s ]
INFO: [ view_filter ] --END-- [ RunTime:0.000299s ]
INFO: [ app_end ] --START--
INFO: Run Behavior\ShowPageTraceBehavior [ RunTime:0.000549s ]
INFO: [ app_end ] --END-- [ RunTime:0.000587s ]

[ 2019-04-13T18:59:44+08:00 ] 127.0.0.1 /Install/index/index
INFO: [ app_init ] --START--
INFO: Run Behavior\BuildLiteBehavior [ RunTime:0.000006s ]
INFO: [ app_init ] --END-- [ RunTime:0.000239s ]
INFO: [ app_begin ] --START--
INFO: Run Behavior\ReadHtmlCacheBehavior [ RunTime:0.000393s ]
INFO: [ app_begin ] --END-- [ RunTime:0.000417s ]
INFO: [ view_parse ] --START--
INFO: [ template_filter ] --START--
INFO: Run Behavior\ContentReplaceBehavior [ RunTime:0.000069s ]
INFO: [ template_filter ] --END-- [ RunTime:0.000103s ]
NOTIC: [8] Use of undefined constant read - assumed 'read' D:\wwwroot\huocms\Application\Runtime\Cache\Install\c6bbce5b1f1dcf027c8ceb5cf5141b65.php 第 102 行.
NOTIC: [8] Array to string conversion D:\wwwroot\huocms\Application\Runtime\Cache\Install\c6bbce5b1f1dcf027c8ceb5cf5141b65.php 第 102 行.
NOTIC: [8] Use of undefined constant write - assumed 'write' D:\wwwroot\huocms\Application\Runtime\Cache\Install\c6bbce5b1f1dcf027c8ceb5cf5141b65.php 第 107 行.
NOTIC: [8] Array to string conversion D:\wwwroot\huocms\Application\Runtime\Cache\Install\c6bbce5b1f1dcf027c8ceb5cf5141b65.php 第 107 行.
NOTIC: [8] Undefined index: REMOTE_HOST D:\wwwroot\huocms\Application\Runtime\Cache\Install\c6bbce5b1f1dcf027c8ceb5cf5141b65.php 第 231 行.
INFO: Run Behavior\ParseTemplateBehavior [ RunTime:0.017225s ]
INFO: [ view_parse ] --END-- [ RunTime:0.017283s ]
INFO: [ view_filter ] --START--
INFO: Run Behavior\WriteHtmlCacheBehavior [ RunTime:0.000422s ]
INFO: [ view_filter ] --END-- [ RunTime:0.000451s ]
INFO: [ app_end ] --START--
INFO: Run Behavior\ShowPageTraceBehavior [ RunTime:0.000762s ]
INFO: [ app_end ] --END-- [ RunTime:0.000916s ]

[ 2019-04-13T19:00:08+08:00 ] 127.0.0.1 /Install/index/index
INFO: [ app_init ] --START--
INFO: Run Behavior\BuildLiteBehavior [ RunTime:0.000007s ]
INFO: [ app_init ] --END-- [ RunTime:0.000255s ]
INFO: [ app_begin ] --START--
INFO: Run Behavior\ReadHtmlCacheBehavior [ RunTime:0.000416s ]
INFO: [ app_begin ] --END-- [ RunTime:0.000439s ]
INFO: [ view_parse ] --START--
INFO: [ template_filter ] --START--
INFO: Run Behavior\ContentReplaceBehavior [ RunTime:0.000096s ]
INFO: [ template_filter ] --END-- [ RunTime:0.000133s ]
NOTIC: [8] Use of undefined constant read - assumed 'read' D:\wwwroot\huocms\Application\Runtime\Cache\Install\c6bbce5b1f1dcf027c8ceb5cf5141b65.php 第 102 行.
NOTIC: [8] Array to string conversion D:\wwwroot\huocms\Application\Runtime\Cache\Install\c6bbce5b1f1dcf027c8ceb5cf5141b65.php 第 102 行.
NOTIC: [8] Use of undefined constant write - assumed 'write' D:\wwwroot\huocms\Application\Runtime\Cache\Install\c6bbce5b1f1dcf027c8ceb5cf5141b65.php 第 107 行.
NOTIC: [8] Array to string conversion D:\wwwroot\huocms\Application\Runtime\Cache\Install\c6bbce5b1f1dcf027c8ceb5cf5141b65.php 第 107 行.
NOTIC: [8] Undefined index: REMOTE_HOST D:\wwwroot\huocms\Application\Runtime\Cache\Install\c6bbce5b1f1dcf027c8ceb5cf5141b65.php 第 231 行.
INFO: Run Behavior\ParseTemplateBehavior [ RunTime:0.021384s ]
INFO: [ view_parse ] --END-- [ RunTime:0.021427s ]
INFO: [ view_filter ] --START--
INFO: Run Behavior\WriteHtmlCacheBehavior [ RunTime:0.000261s ]
INFO: [ view_filter ] --END-- [ RunTime:0.000292s ]
INFO: [ app_end ] --START--
INFO: Run Behavior\ShowPageTraceBehavior [ RunTime:0.000506s ]
INFO: [ app_end ] --END-- [ RunTime:0.000527s ]

